This is pdfTeX, Version 3.14159265-2.6-1.40.20 (TeX Live 2019/W32TeX) (preloaded format=pdflatex 2020.2.24)  24 FEB 2020 14:30
entering extended mode
 restricted \write18 enabled.
 %&-line parsing enabled.
**thesis.tex
(./thesis.tex
LaTeX2e <2020-02-02> patch level 3
L3 programming layer <2020-02-21> (./reedthesis.cls
Document Class: reedthesis 2004/01/27 The Reed College Thesis Class
(c:/Users/Valentine/AppData/Roaming/TinyTeX/texmf-dist/tex/latex/base/book.cls
Document Class: book 2019/12/20 v1.4l Standard LaTeX document class
(c:/Users/Valentine/AppData/Roaming/TinyTeX/texmf-dist/tex/latex/base/bk12.clo
File: bk12.clo 2019/12/20 v1.4l Standard LaTeX file (size option)
)
\c@part=\count167
\c@chapter=\count168
\c@section=\count169
\c@subsection=\count170
\c@subsubsection=\count171
\c@paragraph=\count172
\c@subparagraph=\count173
\c@figure=\count174
\c@table=\count175
\abovecaptionskip=\skip47
\belowcaptionskip=\skip48
\bibindent=\dimen134
)
(c:/Users/Valentine/AppData/Roaming/TinyTeX/texmf-dist/tex/latex/fancyhdr/fancy
hdr.sty
Package: fancyhdr 2019/01/31 v3.10 Extensive control of page headers and footer
s
\f@nch@headwidth=\skip49
\f@nch@O@elh=\skip50
\f@nch@O@erh=\skip51
\f@nch@O@olh=\skip52
\f@nch@O@orh=\skip53
\f@nch@O@elf=\skip54
\f@nch@O@erf=\skip55
\f@nch@O@olf=\skip56
\f@nch@O@orf=\skip57
)
(c:/Users/Valentine/AppData/Roaming/TinyTeX/texmf-dist/tex/latex/fancyvrb/fancy
vrb.sty
Package: fancyvrb 2020/01/13 v3.5 verbatim text (tvz,hv)

(c:/Users/Valentine/AppData/Roaming/TinyTeX/texmf-dist/tex/latex/graphics/keyva
l.sty
Package: keyval 2014/10/28 v1.15 key=value parser (DPC)
\KV@toks@=\toks14
)
\FV@CodeLineNo=\count176
\FV@InFile=\read2
\FV@TabBox=\box45
\c@FancyVerbLine=\count177
\FV@StepNumber=\count178
\FV@OutFile=\write3
)
(c:/Users/Valentine/AppData/Roaming/TinyTeX/texmf-dist/tex/generic/iftex/ifxete
x.sty
Package: ifxetex 2019/10/25 v0.7 ifxetex legacy package. Use iftex instead.

(c:/Users/Valentine/AppData/Roaming/TinyTeX/texmf-dist/tex/generic/iftex/iftex.
sty
Package: iftex 2019/11/07 v1.0c TeX engine tests
))
(c:/Users/Valentine/AppData/Roaming/TinyTeX/texmf-dist/tex/generic/iftex/ifluat
ex.sty
Package: ifluatex 2019/10/25 v1.5 ifluatex legacy package. Use iftex instead.
)
(c:/Users/Valentine/AppData/Roaming/TinyTeX/texmf-dist/tex/latex/base/fixltx2e.
sty
Package: fixltx2e 2016/12/29 v2.1a fixes to LaTeX (obsolete)
Applying: [2015/01/01] Old fixltx2e package on input line 46.

Package fixltx2e Warning: fixltx2e is not required with releases after 2015
(fixltx2e)                All fixes are now in the LaTeX kernel.
(fixltx2e)                See the latexrelease package for details.

Already applied: [0000/00/00] Old fixltx2e package on input line 53.
)
(c:/Users/Valentine/AppData/Roaming/TinyTeX/texmf-dist/tex/latex/base/fontenc.s
ty
Package: fontenc 2020/02/11 v2.0o Standard LaTeX package
)
(c:/Users/Valentine/AppData/Roaming/TinyTeX/texmf-dist/tex/latex/base/inputenc.
sty
Package: inputenc 2018/08/11 v1.3c Input encoding file
\inpenc@prehook=\toks15
\inpenc@posthook=\toks16
)
(c:/Users/Valentine/AppData/Roaming/TinyTeX/texmf-dist/tex/latex/upquote/upquot
e.sty
Package: upquote 2012/04/19 v1.3 upright-quote and grave-accent glyphs in verba
tim

(c:/Users/Valentine/AppData/Roaming/TinyTeX/texmf-dist/tex/latex/base/textcomp.
sty
Package: textcomp 2020/02/02 v2.0n Standard LaTeX package
))
(c:/Users/Valentine/AppData/Roaming/TinyTeX/texmf-dist/tex/latex/graphics/color
.sty
Package: color 2019/11/23 v1.2a Standard LaTeX Color (DPC)

(c:/Users/Valentine/AppData/Roaming/TinyTeX/texmf-dist/tex/latex/graphics-cfg/c
olor.cfg
File: color.cfg 2016/01/02 v1.6 sample color configuration
)
Package color Info: Driver file: pdftex.def on input line 147.

(c:/Users/Valentine/AppData/Roaming/TinyTeX/texmf-dist/tex/latex/graphics-def/p
dftex.def
File: pdftex.def 2018/01/08 v1.0l Graphics/color driver for pdftex
))
(c:/Users/Valentine/AppData/Roaming/TinyTeX/texmf-dist/tex/latex/framed/framed.
sty
Package: framed 2011/10/22 v 0.96: framed or shaded text with page breaks
\OuterFrameSep=\skip58
\fb@frw=\dimen135
\fb@frh=\dimen136
\FrameRule=\dimen137
\FrameSep=\dimen138
))
(c:/Users/Valentine/AppData/Roaming/TinyTeX/texmf-dist/tex/latex/graphics/graph
icx.sty
Package: graphicx 2019/11/30 v1.2a Enhanced LaTeX Graphics (DPC,SPQR)

(c:/Users/Valentine/AppData/Roaming/TinyTeX/texmf-dist/tex/latex/graphics/graph
ics.sty
Package: graphics 2019/11/30 v1.4a Standard LaTeX Graphics (DPC,SPQR)

(c:/Users/Valentine/AppData/Roaming/TinyTeX/texmf-dist/tex/latex/graphics/trig.
sty
Package: trig 2016/01/03 v1.10 sin cos tan (DPC)
)
(c:/Users/Valentine/AppData/Roaming/TinyTeX/texmf-dist/tex/latex/graphics-cfg/g
raphics.cfg
File: graphics.cfg 2016/06/04 v1.11 sample graphics configuration
)
Package graphics Info: Driver file: pdftex.def on input line 105.
)
\Gin@req@height=\dimen139
\Gin@req@width=\dimen140
)
(c:/Users/Valentine/AppData/Roaming/TinyTeX/texmf-dist/tex/latex/base/latexsym.
sty
Package: latexsym 1998/08/17 v2.2e Standard LaTeX package (lasy symbols)
\symlasy=\mathgroup4
LaTeX Font Info:    Overwriting symbol font `lasy' in version `bold'
(Font)                  U/lasy/m/n --> U/lasy/b/n on input line 52.
)
(c:/Users/Valentine/AppData/Roaming/TinyTeX/texmf-dist/tex/latex/amsmath/amsmat
h.sty
Package: amsmath 2020/01/20 v2.17e AMS math features
\@mathmargin=\skip59
For additional information on amsmath, use the `?' option.

(c:/Users/Valentine/AppData/Roaming/TinyTeX/texmf-dist/tex/latex/amsmath/amstex
t.sty
Package: amstext 2000/06/29 v2.01 AMS text

(c:/Users/Valentine/AppData/Roaming/TinyTeX/texmf-dist/tex/latex/amsmath/amsgen
.sty
File: amsgen.sty 1999/11/30 v2.0 generic functions
\@emptytoks=\toks17
\ex@=\dimen141
))
(c:/Users/Valentine/AppData/Roaming/TinyTeX/texmf-dist/tex/latex/amsmath/amsbsy
.sty
Package: amsbsy 1999/11/29 v1.2d Bold Symbols
\pmbraise@=\dimen142
)
(c:/Users/Valentine/AppData/Roaming/TinyTeX/texmf-dist/tex/latex/amsmath/amsopn
.sty
Package: amsopn 2016/03/08 v2.02 operator names
)
\inf@bad=\count179
LaTeX Info: Redefining \frac on input line 227.
\uproot@=\count180
\leftroot@=\count181
LaTeX Info: Redefining \overline on input line 389.
\classnum@=\count182
\DOTSCASE@=\count183
LaTeX Info: Redefining \ldots on input line 486.
LaTeX Info: Redefining \dots on input line 489.
LaTeX Info: Redefining \cdots on input line 610.
\Mathstrutbox@=\box46
\strutbox@=\box47
\big@size=\dimen143
LaTeX Font Info:    Redeclaring font encoding OML on input line 733.
LaTeX Font Info:    Redeclaring font encoding OMS on input line 734.
\macc@depth=\count184
\c@MaxMatrixCols=\count185
\dotsspace@=\muskip16
\c@parentequation=\count186
\dspbrk@lvl=\count187
\tag@help=\toks18
\row@=\count188
\column@=\count189
\maxfields@=\count190
\andhelp@=\toks19
\eqnshift@=\dimen144
\alignsep@=\dimen145
\tagshift@=\dimen146
\tagwidth@=\dimen147
\totwidth@=\dimen148
\lineht@=\dimen149
\@envbody=\toks20
\multlinegap=\skip60
\multlinetaggap=\skip61
\mathdisplay@stack=\toks21
LaTeX Info: Redefining \[ on input line 2859.
LaTeX Info: Redefining \] on input line 2860.
)
(c:/Users/Valentine/AppData/Roaming/TinyTeX/texmf-dist/tex/latex/amsfonts/amssy
mb.sty
Package: amssymb 2013/01/14 v3.01 AMS font symbols

(c:/Users/Valentine/AppData/Roaming/TinyTeX/texmf-dist/tex/latex/amsfonts/amsfo
nts.sty
Package: amsfonts 2013/01/14 v3.01 Basic AMSFonts support
\symAMSa=\mathgroup5
\symAMSb=\mathgroup6
LaTeX Font Info:    Redeclaring math symbol \hbar on input line 98.
LaTeX Font Info:    Overwriting math alphabet `\mathfrak' in version `bold'
(Font)                  U/euf/m/n --> U/euf/b/n on input line 106.
))
(c:/Users/Valentine/AppData/Roaming/TinyTeX/texmf-dist/tex/latex/amscls/amsthm.
sty
Package: amsthm 2017/10/31 v2.20.4
\thm@style=\toks22
\thm@bodyfont=\toks23
\thm@headfont=\toks24
\thm@notefont=\toks25
\thm@headpunct=\toks26
\thm@preskip=\skip62
\thm@postskip=\skip63
\thm@headsep=\skip64
\dth@everypar=\toks27
)
(c:/Users/Valentine/AppData/Roaming/TinyTeX/texmf-dist/tex/latex/tools/longtabl
e.sty
Package: longtable 2020/01/07 v4.13 Multi-page Table package (DPC)
\LTleft=\skip65
\LTright=\skip66
\LTpre=\skip67
\LTpost=\skip68
\LTchunksize=\count191
\LTcapwidth=\dimen150
\LT@head=\box48
\LT@firsthead=\box49
\LT@foot=\box50
\LT@lastfoot=\box51
\LT@cols=\count192
\LT@rows=\count193
\c@LT@tables=\count194
\c@LT@chunks=\count195
\LT@p@ftn=\toks28
)
(c:/Users/Valentine/AppData/Roaming/TinyTeX/texmf-dist/tex/latex/booktabs/bookt
abs.sty
Package: booktabs 2020/01/12 v1.61803398 Publication quality tables
\heavyrulewidth=\dimen151
\lightrulewidth=\dimen152
\cmidrulewidth=\dimen153
\belowrulesep=\dimen154
\belowbottomsep=\dimen155
\aboverulesep=\dimen156
\abovetopsep=\dimen157
\cmidrulesep=\dimen158
\cmidrulekern=\dimen159
\defaultaddspace=\dimen160
\@cmidla=\count196
\@cmidlb=\count197
\@aboverulesep=\dimen161
\@belowrulesep=\dimen162
\@thisruleclass=\count198
\@lastruleclass=\count199
\@thisrulewidth=\dimen163
)
(c:/Users/Valentine/AppData/Roaming/TinyTeX/texmf-dist/tex/latex/setspace/setsp
ace.sty
Package: setspace 2011/12/19 v6.7a set line spacing
) (./chemarr.sty
Package: chemarr 2001/06/22 v1.1 Chemical reaction arrows (HO)
) (c:/Users/Valentine/AppData/Roaming/TinyTeX/texmf-dist/tex/latex/url/url.sty
\Urlmuskip=\muskip17
Package: url 2013/09/16  ver 3.4  Verb mode for urls, etc.
)
(c:/Users/Valentine/AppData/Roaming/TinyTeX/texmf-dist/tex/latex/hyperref/hyper
ref.sty
Package: hyperref 2020/01/14 v7.00d Hypertext links for LaTeX

(c:/Users/Valentine/AppData/Roaming/TinyTeX/texmf-dist/tex/generic/ltxcmds/ltxc
mds.sty
Package: ltxcmds 2019/12/15 v1.24 LaTeX kernel commands for general use (HO)
)
(c:/Users/Valentine/AppData/Roaming/TinyTeX/texmf-dist/tex/latex/pdftexcmds/pdf
texcmds.sty
Package: pdftexcmds 2019/11/24 v0.31 Utility functions of pdfTeX for LuaTeX (HO
)

(c:/Users/Valentine/AppData/Roaming/TinyTeX/texmf-dist/tex/generic/infwarerr/in
fwarerr.sty
Package: infwarerr 2019/12/03 v1.5 Providing info/warning/error messages (HO)
)
Package pdftexcmds Info: \pdf@primitive is available.
Package pdftexcmds Info: \pdf@ifprimitive is available.
Package pdftexcmds Info: \pdfdraftmode found.
)
(c:/Users/Valentine/AppData/Roaming/TinyTeX/texmf-dist/tex/generic/kvsetkeys/kv
setkeys.sty
Package: kvsetkeys 2019/12/15 v1.18 Key value parser (HO)
)
(c:/Users/Valentine/AppData/Roaming/TinyTeX/texmf-dist/tex/generic/kvdefinekeys
/kvdefinekeys.sty
Package: kvdefinekeys 2019-12-19 v1.6 Define keys (HO)
)
(c:/Users/Valentine/AppData/Roaming/TinyTeX/texmf-dist/tex/generic/oberdiek/pdf
escape.sty
Package: pdfescape 2016/05/16 v1.14 Implements pdfTeX's escape features (HO)
)
(c:/Users/Valentine/AppData/Roaming/TinyTeX/texmf-dist/tex/latex/hycolor/hycolo
r.sty
Package: hycolor 2020-01-27 v1.10 Color options for hyperref/bookmark (HO)
)
(c:/Users/Valentine/AppData/Roaming/TinyTeX/texmf-dist/tex/latex/letltxmacro/le
tltxmacro.sty
Package: letltxmacro 2019/12/03 v1.6 Let assignment for LaTeX macros (HO)
)
(c:/Users/Valentine/AppData/Roaming/TinyTeX/texmf-dist/tex/latex/auxhook/auxhoo
k.sty
Package: auxhook 2019-12-17 v1.6 Hooks for auxiliary files (HO)
)
(c:/Users/Valentine/AppData/Roaming/TinyTeX/texmf-dist/tex/latex/kvoptions/kvop
tions.sty
Package: kvoptions 2019/11/29 v3.13 Key value format for package options (HO)
)
\@linkdim=\dimen164
\Hy@linkcounter=\count266
\Hy@pagecounter=\count267

(c:/Users/Valentine/AppData/Roaming/TinyTeX/texmf-dist/tex/latex/hyperref/pd1en
c.def
File: pd1enc.def 2020/01/14 v7.00d Hyperref: PDFDocEncoding definition (HO)
Now handling font encoding PD1 ...
... no UTF-8 mapping file for font encoding PD1
)
(c:/Users/Valentine/AppData/Roaming/TinyTeX/texmf-dist/tex/generic/intcalc/intc
alc.sty
Package: intcalc 2019/12/15 v1.3 Expandable calculations with integers (HO)
)
(c:/Users/Valentine/AppData/Roaming/TinyTeX/texmf-dist/tex/generic/etexcmds/ete
xcmds.sty
Package: etexcmds 2019/12/15 v1.7 Avoid name clashes with e-TeX commands (HO)
)
\Hy@SavedSpaceFactor=\count268
\pdfmajorversion=\count269
Package hyperref Info: Hyper figures OFF on input line 4547.
Package hyperref Info: Link nesting OFF on input line 4552.
Package hyperref Info: Hyper index ON on input line 4555.
Package hyperref Info: Plain pages OFF on input line 4562.
Package hyperref Info: Backreferencing OFF on input line 4567.
Package hyperref Info: Implicit mode ON; LaTeX internals redefined.
Package hyperref Info: Bookmarks ON on input line 4800.
\c@Hy@tempcnt=\count270
LaTeX Info: Redefining \url on input line 5159.
\XeTeXLinkMargin=\dimen165

(c:/Users/Valentine/AppData/Roaming/TinyTeX/texmf-dist/tex/generic/bitset/bitse
t.sty
Package: bitset 2019/12/09 v1.3 Handle bit-vector datatype (HO)

(c:/Users/Valentine/AppData/Roaming/TinyTeX/texmf-dist/tex/generic/bigintcalc/b
igintcalc.sty
Package: bigintcalc 2019/12/15 v1.5 Expandable calculations on big integers (HO
)
))
\Fld@menulength=\count271
\Field@Width=\dimen166
\Fld@charsize=\dimen167
Package hyperref Info: Hyper figures OFF on input line 6430.
Package hyperref Info: Link nesting OFF on input line 6435.
Package hyperref Info: Hyper index ON on input line 6438.
Package hyperref Info: backreferencing OFF on input line 6445.
Package hyperref Info: Link coloring OFF on input line 6450.
Package hyperref Info: Link coloring with OCG OFF on input line 6455.
Package hyperref Info: PDF/A mode OFF on input line 6460.
LaTeX Info: Redefining \ref on input line 6500.
LaTeX Info: Redefining \pageref on input line 6504.

(c:/Users/Valentine/AppData/Roaming/TinyTeX/texmf-dist/tex/generic/atbegshi/atb
egshi.sty
Package: atbegshi 2019/12/05 v1.19 At begin shipout hook (HO)
)
\Hy@abspage=\count272
\c@Item=\count273
\c@Hfootnote=\count274
)
Package hyperref Info: Driver (autodetected): hpdftex.

(c:/Users/Valentine/AppData/Roaming/TinyTeX/texmf-dist/tex/latex/hyperref/hpdft
ex.def
File: hpdftex.def 2020/01/14 v7.00d Hyperref driver for pdfTeX

(c:/Users/Valentine/AppData/Roaming/TinyTeX/texmf-dist/tex/latex/atveryend/atve
ryend.sty
Package: atveryend 2019-12-11 v1.11 Hooks at the very end of document (HO)
Package atveryend Info: \enddocument detected (standard20110627).
)
\Fld@listcount=\count275
\c@bookmark@seq@number=\count276

(c:/Users/Valentine/AppData/Roaming/TinyTeX/texmf-dist/tex/latex/oberdiek/rerun
filecheck.sty
Package: rerunfilecheck 2016/05/16 v1.8 Rerun checks for auxiliary files (HO)

(c:/Users/Valentine/AppData/Roaming/TinyTeX/texmf-dist/tex/generic/oberdiek/uni
quecounter.sty
Package: uniquecounter 2016/05/16 v1.3 Provide unlimited unique counter (HO)
)
Package uniquecounter Info: New unique counter `rerunfilecheck' on input line 2
82.
)
\Hy@SectionHShift=\skip69
)
(c:/Users/Valentine/AppData/Roaming/TinyTeX/texmf-dist/tex/latex/lm/lmodern.sty
Package: lmodern 2009/10/30 v1.6 Latin Modern Fonts
LaTeX Font Info:    Overwriting symbol font `operators' in version `normal'
(Font)                  OT1/cmr/m/n --> OT1/lmr/m/n on input line 22.
LaTeX Font Info:    Overwriting symbol font `letters' in version `normal'
(Font)                  OML/cmm/m/it --> OML/lmm/m/it on input line 23.
LaTeX Font Info:    Overwriting symbol font `symbols' in version `normal'
(Font)                  OMS/cmsy/m/n --> OMS/lmsy/m/n on input line 24.
LaTeX Font Info:    Overwriting symbol font `largesymbols' in version `normal'
(Font)                  OMX/cmex/m/n --> OMX/lmex/m/n on input line 25.
LaTeX Font Info:    Overwriting symbol font `operators' in version `bold'
(Font)                  OT1/cmr/bx/n --> OT1/lmr/bx/n on input line 26.
LaTeX Font Info:    Overwriting symbol font `letters' in version `bold'
(Font)                  OML/cmm/b/it --> OML/lmm/b/it on input line 27.
LaTeX Font Info:    Overwriting symbol font `symbols' in version `bold'
(Font)                  OMS/cmsy/b/n --> OMS/lmsy/b/n on input line 28.
LaTeX Font Info:    Overwriting symbol font `largesymbols' in version `bold'
(Font)                  OMX/cmex/m/n --> OMX/lmex/m/n on input line 29.
LaTeX Font Info:    Overwriting math alphabet `\mathbf' in version `normal'
(Font)                  OT1/cmr/bx/n --> OT1/lmr/bx/n on input line 31.
LaTeX Font Info:    Overwriting math alphabet `\mathsf' in version `normal'
(Font)                  OT1/cmss/m/n --> OT1/lmss/m/n on input line 32.
LaTeX Font Info:    Overwriting math alphabet `\mathit' in version `normal'
(Font)                  OT1/cmr/m/it --> OT1/lmr/m/it on input line 33.
LaTeX Font Info:    Overwriting math alphabet `\mathtt' in version `normal'
(Font)                  OT1/cmtt/m/n --> OT1/lmtt/m/n on input line 34.
LaTeX Font Info:    Overwriting math alphabet `\mathbf' in version `bold'
(Font)                  OT1/cmr/bx/n --> OT1/lmr/bx/n on input line 35.
LaTeX Font Info:    Overwriting math alphabet `\mathsf' in version `bold'
(Font)                  OT1/cmss/bx/n --> OT1/lmss/bx/n on input line 36.
LaTeX Font Info:    Overwriting math alphabet `\mathit' in version `bold'
(Font)                  OT1/cmr/bx/it --> OT1/lmr/bx/it on input line 37.
LaTeX Font Info:    Overwriting math alphabet `\mathtt' in version `bold'
(Font)                  OT1/cmtt/m/n --> OT1/lmtt/m/n on input line 38.
)
(c:/Users/Valentine/AppData/Roaming/TinyTeX/texmf-dist/tex/latex/float/float.st
y
Package: float 2001/11/08 v1.3d Float enhancements (AL)
\c@float@type=\count277
\float@exts=\toks29
\float@box=\box52
\@float@everytoks=\toks30
\@floatcapt=\box53
)
(c:/Users/Valentine/AppData/Roaming/TinyTeX/texmf-dist/tex/latex/graphics/rotat
ing.sty
Package: rotating 2016/08/11 v2.16d rotated objects in LaTeX

(c:/Users/Valentine/AppData/Roaming/TinyTeX/texmf-dist/tex/latex/base/ifthen.st
y
Package: ifthen 2014/09/29 v1.1c Standard LaTeX ifthen package (DPC)
)
\c@r@tfl@t=\count278
\rotFPtop=\skip70
\rotFPbot=\skip71
\rot@float@box=\box54
\rot@mess@toks=\toks31
)
(c:/Users/Valentine/AppData/Roaming/TinyTeX/texmf-dist/tex/latex/caption/captio
n.sty
Package: caption 2020/01/03 v3.4h Customizing captions (AR)

(c:/Users/Valentine/AppData/Roaming/TinyTeX/texmf-dist/tex/latex/caption/captio
n3.sty
Package: caption3 2020/01/03 v1.8h caption3 kernel (AR)
Package caption3 Info: TeX engine: e-TeX on input line 61.
\captionmargin=\dimen168
\captionmargin@=\dimen169
\captionwidth=\dimen170
\caption@tempdima=\dimen171
\caption@indent=\dimen172
\caption@parindent=\dimen173
\caption@hangindent=\dimen174
Package caption Info: Standard document class detected.
)
\c@caption@flags=\count279
\c@continuedfloat=\count280
Package caption Info: float package is loaded.
Package caption Info: hyperref package is loaded.
Package caption Info: longtable package is loaded.

(c:/Users/Valentine/AppData/Roaming/TinyTeX/texmf-dist/tex/latex/caption/ltcapt
ion.sty
Package: ltcaption 2018/08/26 v1.4a longtable captions (AR)
)
Package caption Info: rotating package is loaded.
)
(c:/Users/Valentine/AppData/Roaming/TinyTeX/texmf-dist/tex/latex/base/flafter.s
ty
Package: flafter 2018/11/28 v1.4d Standard LaTeX floats after reference (FMi)
Applying: [2015/01/01] float order in 2-column on input line 49.
Already applied: [0000/00/00] float order in 2-column on input line 151.
)
(c:/Users/Valentine/AppData/Roaming/TinyTeX/texmf-dist/tex/latex/tools/indentfi
rst.sty
Package: indentfirst 1995/11/23 v1.03 Indent first paragraph (DPC)
)
(c:/Users/Valentine/AppData/Roaming/TinyTeX/texmf-dist/tex/latex/tools/array.st
y
Package: array 2019/08/31 v2.4l Tabular extension package (FMi)
\col@sep=\dimen175
\ar@mcellbox=\box55
\extrarowheight=\dimen176
\NC@list=\toks32
\extratabsurround=\skip72
\backup@length=\skip73
\ar@cellbox=\box56
)
(c:/Users/Valentine/AppData/Roaming/TinyTeX/texmf-dist/tex/latex/multirow/multi
row.sty
Package: multirow 2019/05/31 v2.5 Span multiple rows of a table
\multirow@colwidth=\skip74
\multirow@cntb=\count281
\multirow@dima=\skip75
\bigstrutjot=\dimen177
)
(c:/Users/Valentine/AppData/Roaming/TinyTeX/texmf-dist/tex/latex/wrapfig/wrapfi
g.sty
\wrapoverhang=\dimen178
\WF@size=\dimen179
\c@WF@wrappedlines=\count282
\WF@box=\box57
\WF@everypar=\toks33
Package: wrapfig 2003/01/31  v 3.6
)
(c:/Users/Valentine/AppData/Roaming/TinyTeX/texmf-dist/tex/latex/colortbl/color
tbl.sty
Package: colortbl 2020/01/04 v1.0e Color table columns (DPC)
\everycr=\toks34
\minrowclearance=\skip76
)
(c:/Users/Valentine/AppData/Roaming/TinyTeX/texmf-dist/tex/latex/oberdiek/pdfls
cape.sty
Package: pdflscape 2016/05/14 v0.11 Display of landscape pages in PDF (HO)

(c:/Users/Valentine/AppData/Roaming/TinyTeX/texmf-dist/tex/latex/graphics/lscap
e.sty
Package: lscape 2000/10/22 v3.01 Landscape Pages (DPC)
)
(c:/Users/Valentine/AppData/Roaming/TinyTeX/texmf-dist/tex/generic/iftex/ifpdf.
sty
Package: ifpdf 2019/10/25 v3.4 ifpdf legacy package. Use iftex instead.
)
Package pdflscape Info: Auto-detected driver: pdftex on input line 81.
) (c:/Users/Valentine/AppData/Roaming/TinyTeX/texmf-dist/tex/latex/tabu/tabu.st
y
Package: tabu 2019/01/11 v2.9 - flexible LaTeX tabulars (FC+tabu-fixed)

(c:/Users/Valentine/AppData/Roaming/TinyTeX/texmf-dist/tex/latex/varwidth/varwi
dth.sty
Package: varwidth 2009/03/30 ver 0.92;  Variable-width minipages
\@vwid@box=\box58
\sift@deathcycles=\count283
\@vwid@loff=\dimen180
\@vwid@roff=\dimen181
)
\c@taburow=\count284
\tabu@nbcols=\count285
\tabu@cnt=\count286
\tabu@Xcol=\count287
\tabu@alloc=\count288
\tabu@nested=\count289
\tabu@target=\dimen182
\tabu@spreadtarget=\dimen183
\tabu@naturalX=\dimen184
\tabucolX=\dimen185
\tabu@Xsum=\dimen186
\extrarowdepth=\dimen187
\abovetabulinesep=\dimen188
\belowtabulinesep=\dimen189
\tabustrutrule=\dimen190
\tabu@thebody=\toks35
\tabu@footnotes=\toks36
\tabu@box=\box59
\tabu@arstrutbox=\box60
\tabu@hleads=\box61
\tabu@vleads=\box62
\tabu@cellskip=\skip77
)
(c:/Users/Valentine/AppData/Roaming/TinyTeX/texmf-dist/tex/latex/threeparttable
/threeparttable.sty
Package: threeparttable 2003/06/13  v 3.0
\@tempboxb=\box63
)
(c:/Users/Valentine/AppData/Roaming/TinyTeX/texmf-dist/tex/latex/threeparttable
x/threeparttablex.sty
Package: threeparttablex 2013/07/23 v0.3 by daleif

(c:/Users/Valentine/AppData/Roaming/TinyTeX/texmf-dist/tex/latex/environ/enviro
n.sty
Package: environ 2014/05/04 v0.3 A new way to define environments

(c:/Users/Valentine/AppData/Roaming/TinyTeX/texmf-dist/tex/latex/trimspaces/tri
mspaces.sty
Package: trimspaces 2009/09/17 v1.1 Trim spaces around a token list
))
\TPTL@width=\skip78
)
(c:/Users/Valentine/AppData/Roaming/TinyTeX/texmf-dist/tex/generic/ulem/ulem.st
y
\UL@box=\box64
\UL@hyphenbox=\box65
\UL@skip=\skip79
\UL@hook=\toks37
\UL@height=\dimen191
\UL@pe=\count290
\UL@pixel=\dimen192
\ULC@box=\box66
Package: ulem 2019/11/18
\ULdepth=\dimen193
)
(c:/Users/Valentine/AppData/Roaming/TinyTeX/texmf-dist/tex/latex/makecell/makec
ell.sty
Package: makecell 2009/08/03 V0.1e Managing of Tab Column Heads and Cells
\rotheadsize=\dimen194
\c@nlinenum=\count291
\TeXr@lab=\toks38
)
(c:/Users/Valentine/AppData/Roaming/TinyTeX/texmf-dist/tex/latex/xcolor/xcolor.
sty
Package: xcolor 2016/05/11 v2.12 LaTeX color extensions (UK)

(c:/Users/Valentine/AppData/Roaming/TinyTeX/texmf-dist/tex/latex/graphics-cfg/c
olor.cfg
File: color.cfg 2016/01/02 v1.6 sample color configuration
)
Package xcolor Info: Driver file: pdftex.def on input line 225.
LaTeX Info: Redefining \color on input line 709.
Package xcolor Info: Model `cmy' substituted by `cmy0' on input line 1348.
Package xcolor Info: Model `hsb' substituted by `rgb' on input line 1352.
Package xcolor Info: Model `RGB' extended on input line 1364.
Package xcolor Info: Model `HTML' substituted by `rgb' on input line 1366.
Package xcolor Info: Model `Hsb' substituted by `hsb' on input line 1367.
Package xcolor Info: Model `tHsb' substituted by `hsb' on input line 1368.
Package xcolor Info: Model `HSB' substituted by `hsb' on input line 1369.
Package xcolor Info: Model `Gray' substituted by `gray' on input line 1370.
Package xcolor Info: Model `wave' substituted by `hsb' on input line 1371.
)
(c:/Users/Valentine/AppData/Roaming/TinyTeX/texmf-dist/tex/latex/l3backend/l3ba
ckend-pdfmode.def
File: l3backend-pdfmode.def 2020-02-21 L3 backend support: PDF mode
\l__kernel_color_stack_int=\count292
\l__pdf_internal_box=\box67
) (./thesis.aux

LaTeX Warning: Label `tab:datadictionary' multiply defined.


LaTeX Warning: Label `tab:datadictionary' multiply defined.


LaTeX Warning: Label `tab:datadictionary' multiply defined.


LaTeX Warning: Label `tab:flakeattributeVB1' multiply defined.


LaTeX Warning: Label `tab:flakeattributeVB2' multiply defined.


LaTeX Warning: Label `tab:elongtableVB1' multiply defined.


LaTeX Warning: Label `tab:elongtableVB2' multiply defined.


LaTeX Warning: Label `tab:flakeattributesLP1' multiply defined.


LaTeX Warning: Label `tab:flakeattributesLP2' multiply defined.

)
\openout1 = `thesis.aux'.

LaTeX Font Info:    Checking defaults for OML/cmm/m/it on input line 211.
LaTeX Font Info:    ... okay on input line 211.
LaTeX Font Info:    Checking defaults for OMS/cmsy/m/n on input line 211.
LaTeX Font Info:    ... okay on input line 211.
LaTeX Font Info:    Checking defaults for OT1/cmr/m/n on input line 211.
LaTeX Font Info:    ... okay on input line 211.
LaTeX Font Info:    Checking defaults for T1/cmr/m/n on input line 211.
LaTeX Font Info:    ... okay on input line 211.
LaTeX Font Info:    Checking defaults for TS1/cmr/m/n on input line 211.
LaTeX Font Info:    ... okay on input line 211.
LaTeX Font Info:    Checking defaults for OMX/cmex/m/n on input line 211.
LaTeX Font Info:    ... okay on input line 211.
LaTeX Font Info:    Checking defaults for U/cmr/m/n on input line 211.
LaTeX Font Info:    ... okay on input line 211.
LaTeX Font Info:    Checking defaults for PD1/pdf/m/n on input line 211.
LaTeX Font Info:    ... okay on input line 211.
LaTeX Font Info:    Trying to load font information for T1+lmr on input line 21
1.
(c:/Users/Valentine/AppData/Roaming/TinyTeX/texmf-dist/tex/latex/lm/t1lmr.fd
File: t1lmr.fd 2009/10/30 v1.6 Font defs for Latin Modern
)
(c:/Users/Valentine/AppData/Roaming/TinyTeX/texmf-dist/tex/latex/oberdiek/epsto
pdf-base.sty
Package: epstopdf-base 2016/05/15 v2.6 Base part for package epstopdf

(c:/Users/Valentine/AppData/Roaming/TinyTeX/texmf-dist/tex/latex/grfext/grfext.
sty
Package: grfext 2019/12/03 v1.3 Manage graphics extensions (HO)
)
Package epstopdf-base Info: Redefining graphics rule for `.eps' on input line 4
38.
Package grfext Info: Graphics extension search list:
(grfext)             [.pdf,.png,.jpg,.mps,.jpeg,.jbig2,.jb2,.PDF,.PNG,.JPG,.JPE
G,.JBIG2,.JB2,.eps]
(grfext)             \AppendGraphicsExtensions on input line 456.

(c:/Users/Valentine/AppData/Roaming/TinyTeX/texmf-dist/tex/latex/latexconfig/ep
stopdf-sys.cfg
File: epstopdf-sys.cfg 2010/07/13 v1.3 Configuration of (r)epstopdf for TeX Liv
e
))
\AtBeginShipoutBox=\box68
Package hyperref Info: Link coloring OFF on input line 211.

(c:/Users/Valentine/AppData/Roaming/TinyTeX/texmf-dist/tex/latex/hyperref/namer
ef.sty
Package: nameref 2019/09/16 v2.46 Cross-referencing by name of section

(c:/Users/Valentine/AppData/Roaming/TinyTeX/texmf-dist/tex/latex/oberdiek/refco
unt.sty
Package: refcount 2016/05/16 v3.5 Data extraction from label references (HO)
)
(c:/Users/Valentine/AppData/Roaming/TinyTeX/texmf-dist/tex/generic/gettitlestri
ng/gettitlestring.sty
Package: gettitlestring 2019/12/15 v1.6 Cleanup title references (HO)
)
\c@section@level=\count293
)
LaTeX Info: Redefining \ref on input line 211.
LaTeX Info: Redefining \pageref on input line 211.
LaTeX Info: Redefining \nameref on input line 211.
(./thesis.out) (./thesis.out)
\@outlinefile=\write4
\openout4 = `thesis.out'.

Package caption Info: Begin \AtBeginDocument code.
Package caption Info: threeparttable package is loaded.
Package caption Info: wrapfig package is loaded.
Package caption Info: End \AtBeginDocument code.
LaTeX Font Info:    Trying to load font information for OT1+lmr on input line 2
15.
(c:/Users/Valentine/AppData/Roaming/TinyTeX/texmf-dist/tex/latex/lm/ot1lmr.fd
File: ot1lmr.fd 2009/10/30 v1.6 Font defs for Latin Modern
)
LaTeX Font Info:    Trying to load font information for OML+lmm on input line 2
15.
(c:/Users/Valentine/AppData/Roaming/TinyTeX/texmf-dist/tex/latex/lm/omllmm.fd
File: omllmm.fd 2009/10/30 v1.6 Font defs for Latin Modern
)
LaTeX Font Info:    Trying to load font information for OMS+lmsy on input line 
215.
(c:/Users/Valentine/AppData/Roaming/TinyTeX/texmf-dist/tex/latex/lm/omslmsy.fd
File: omslmsy.fd 2009/10/30 v1.6 Font defs for Latin Modern
)
LaTeX Font Info:    Trying to load font information for OMX+lmex on input line 
215.
(c:/Users/Valentine/AppData/Roaming/TinyTeX/texmf-dist/tex/latex/lm/omxlmex.fd
File: omxlmex.fd 2009/10/30 v1.6 Font defs for Latin Modern
)
LaTeX Font Info:    External font `lmex10' loaded for size
(Font)              <12> on input line 215.
LaTeX Font Info:    External font `lmex10' loaded for size
(Font)              <8> on input line 215.
LaTeX Font Info:    External font `lmex10' loaded for size
(Font)              <6> on input line 215.
LaTeX Font Info:    Trying to load font information for U+lasy on input line 21
5.
(c:/Users/Valentine/AppData/Roaming/TinyTeX/texmf-dist/tex/latex/base/ulasy.fd
File: ulasy.fd 1998/08/17 v2.2e LaTeX symbol font definitions
)
LaTeX Font Info:    Trying to load font information for U+msa on input line 215
.

(c:/Users/Valentine/AppData/Roaming/TinyTeX/texmf-dist/tex/latex/amsfonts/umsa.
fd
File: umsa.fd 2013/01/14 v3.01 AMS symbols A
)
LaTeX Font Info:    Trying to load font information for U+msb on input line 215
.

(c:/Users/Valentine/AppData/Roaming/TinyTeX/texmf-dist/tex/latex/amsfonts/umsb.
fd
File: umsb.fd 2013/01/14 v3.01 AMS symbols B
) [1
Non-PDF special ignored!
<special> !% Reed College LaTeX Thesis Class 2001/12/04 SN
Non-PDF special ignored!
<special> rawpostscript % Reed College LaTeX Thesis Class 2001/12/04 SN


{c:/Users/Valentine/AppData/Roaming/TinyTeX/texmf-var/fonts/map/pdftex/updmap/p
dftex.map}] [2]
Underfull \vbox (badness 10000) has occurred while \output is active []

[1


] [2]
Underfull \vbox (badness 10000) has occurred while \output is active []

[3


]
Underfull \vbox (badness 10000) has occurred while \output is active []

[4] [5] [6


] (./thesis.toc [7])
\tf@toc=\write5
\openout5 = `thesis.toc'.

[8] (./thesis.lot
Underfull \vbox (badness 10000) has occurred while \output is active []

[9

]
Underfull \vbox (badness 10000) has occurred while \output is active []

[10]
Underfull \vbox (badness 10000) has occurred while \output is active []

[11])
\tf@lot=\write6
\openout6 = `thesis.lot'.

[12] (./thesis.lof
Underfull \vbox (badness 2050) has occurred while \output is active []

[13

]
LaTeX Font Info:    Trying to load font information for TS1+lmr on input line 2
1.
(c:/Users/Valentine/AppData/Roaming/TinyTeX/texmf-dist/tex/latex/lm/ts1lmr.fd
File: ts1lmr.fd 2009/10/30 v1.6 Font defs for Latin Modern
)
Underfull \vbox (badness 10000) has occurred while \output is active []

[14]
Underfull \vbox (badness 2057) has occurred while \output is active []

[15])
\tf@lof=\write7
\openout7 = `thesis.lof'.

[16]
Chapter 1.

Underfull \vbox (badness 5460) has occurred while \output is active []

pdfTeX warning (ext4): destination with the same identifier (name{page.1}) has 
been already used, duplicate ignored
<to be read again> 
                   \relax 
l.296   I
         dentify possible terminal gravettian horizons or facies within the ...
[1


]pdfTeX warning (ext4): destination with the same identifier (name{page.2}) has
 been already used, duplicate ignored
<to be read again> 
                   \relax 
l.313   C
         hapter 6 will focus on the discussion of the results presented in t...
[2] [3] [4

]
Chapter 2.

Underfull \vbox (badness 10000) has occurred while \output is active []

[5]
Underfull \vbox (badness 10000) has occurred while \output is active []

[6]
LaTeX Font Info:    External font `lmex10' loaded for size
(Font)              <9> on input line 341.
LaTeX Font Info:    External font `lmex10' loaded for size
(Font)              <5> on input line 341.
[7]
Underfull \vbox (badness 10000) has occurred while \output is active []

[8]
<figure/Turon2003_SU81-18.png, id=588, 538.26094pt x 354.9511pt>
File: figure/Turon2003_SU81-18.png Graphic file (type png)
<use figure/Turon2003_SU81-18.png>
Package pdftex.def Info: figure/Turon2003_SU81-18.png  used on input line 372.
(pdftex.def)             Requested size: 346.89731pt x 228.76025pt.

Underfull \vbox (badness 10000) has occurred while \output is active []

[9] [10 <./figure/Turon2003_SU81-18.png>]
Underfull \vbox (badness 3590) has occurred while \output is active []

[11]
Underfull \vbox (badness 10000) has occurred while \output is active []

[12]
<figure/map_proto_solutrean.png, id=608, 845.3181pt x 597.6729pt>
File: figure/map_proto_solutrean.png Graphic file (type png)
<use figure/map_proto_solutrean.png>
Package pdftex.def Info: figure/map_proto_solutrean.png  used on input line 408
.
(pdftex.def)             Requested size: 346.89731pt x 245.26634pt.

Underfull \hbox (badness 1533) in paragraph at lines 405--413
[]\T1/lmr/m/n/12 The un-der-stand-ing of the Gravettian-Solutrean tran-si-tion 
through sev-eral
 []


Underfull \vbox (badness 5175) has occurred while \output is active []

[13 <./figure/map_proto_solutrean.png (PNG copy)>]
Underfull \vbox (badness 10000) has occurred while \output is active []

[14]
<figure/Two-phasemodel.png, id=621, 534.0753pt x 300.1614pt>
File: figure/Two-phasemodel.png Graphic file (type png)
<use figure/Two-phasemodel.png>
Package pdftex.def Info: figure/Two-phasemodel.png  used on input line 421.
(pdftex.def)             Requested size: 303.53267pt x 170.59454pt.
<figure/Three-phasemodel.png, id=622, 534.0753pt x 369.2997pt>
File: figure/Three-phasemodel.png Graphic file (type png)
<use figure/Three-phasemodel.png>
Package pdftex.def Info: figure/Three-phasemodel.png  used on input line 429.
(pdftex.def)             Requested size: 303.53267pt x 209.88878pt.

Underfull \vbox (badness 10000) has occurred while \output is active []

[15 <./figure/Two-phasemodel.png (PNG copy)>]
Underfull \vbox (badness 1960) has occurred while \output is active []

[16 <./figure/Three-phasemodel.png (PNG copy)>]
Underfull \vbox (badness 10000) has occurred while \output is active []

[17]
Underfull \vbox (badness 10000) has occurred while \output is active []

[18] [19] [20

] [21] [22


]
Chapter 3.
<figure/vale_boi_map.png, id=660, 696.35156pt x 433.62pt>
File: figure/vale_boi_map.png Graphic file (type png)
<use figure/vale_boi_map.png>
Package pdftex.def Info: figure/vale_boi_map.png  used on input line 524.
(pdftex.def)             Requested size: 260.17464pt x 162.01161pt.
<figure/vb_plan.png, id=662, 615.9813pt x 543.4704pt>
File: figure/vb_plan.png Graphic file (type png)
<use figure/vb_plan.png>
Package pdftex.def Info: figure/vb_plan.png  used on input line 532.
(pdftex.def)             Requested size: 260.17464pt x 229.54965pt.

Underfull \vbox (badness 10000) has occurred while \output is active []

[23] [24 <./figure/vale_boi_map.png> <./figure/vb_plan.png>]
<figure/picareiro_map.png, id=680, 696.35156pt x 433.62pt>
File: figure/picareiro_map.png Graphic file (type png)
<use figure/picareiro_map.png>
Package pdftex.def Info: figure/picareiro_map.png  used on input line 546.
(pdftex.def)             Requested size: 260.17464pt x 162.01161pt.
<figure/lp_cross_section.jpg, id=681, 730.0pt x 424.86pt>
File: figure/lp_cross_section.jpg Graphic file (type jpg)
<use figure/lp_cross_section.jpg>
Package pdftex.def Info: figure/lp_cross_section.jpg  used on input line 554.
(pdftex.def)             Requested size: 260.17464pt x 151.42601pt.

Underfull \vbox (badness 2922) has occurred while \output is active []

[25 <./figure/picareiro_map.png> <./figure/lp_cross_section.jpg>]
Underfull \vbox (badness 10000) has occurred while \output is active []

[26] [27] [28]
Underfull \vbox (badness 10000) has occurred while \output is active []

[29] [30]
<figure/c14_VB.png, id=721, 510.9489pt x 279.32355pt>
File: figure/c14_VB.png Graphic file (type png)
<use figure/c14_VB.png>
Package pdftex.def Info: figure/c14_VB.png  used on input line 647.
(pdftex.def)             Requested size: 260.17464pt x 142.23148pt.
<figure/SpatialanalysisVB.png, id=723, 1310.8975pt x 1757.56625pt>
File: figure/SpatialanalysisVB.png Graphic file (type png)
<use figure/SpatialanalysisVB.png>
Package pdftex.def Info: figure/SpatialanalysisVB.png  used on input line 660.
(pdftex.def)             Requested size: 346.89731pt x 465.08238pt.
[31 <./figure/c14_VB.png (PNG copy)>]
Underfull \vbox (badness 10000) has occurred while \output is active []

[32 <./figure/SpatialanalysisVB.png>]
Underfull \vbox (badness 10000) has occurred while \output is active []

[33]

LaTeX Warning: Reference `tab:lpstrat' on page 34 undefined on input line 685.


Underfull \vbox (badness 10000) has occurred while \output is active []

[34]
Underfull \vbox (badness 10000) has occurred while \output is active []

[35]
<figure/LP_teeth.jpg, id=750, 1704.6084pt x 847.4862pt>
File: figure/LP_teeth.jpg Graphic file (type jpg)
<use figure/LP_teeth.jpg>
Package pdftex.def Info: figure/LP_teeth.jpg  used on input line 713.
(pdftex.def)             Requested size: 346.89731pt x 172.46849pt.
[36 <./figure/LP_teeth.jpg>]
<figure/LPspatial.jpg, id=756, 434.8245pt x 304.4976pt>
File: figure/LPspatial.jpg Graphic file (type jpg)
<use figure/LPspatial.jpg>
Package pdftex.def Info: figure/LPspatial.jpg  used on input line 722.
(pdftex.def)             Requested size: 520.34598pt x 364.3917pt.

LaTeX Warning: `h' float specifier changed to `ht'.

[37 <./figure/LPspatial.jpg>]
Underfull \vbox (badness 10000) has occurred while \output is active []

[38


]
<figure/c14_LP.png, id=769, 510.9489pt x 482.0409pt>
File: figure/c14_LP.png Graphic file (type png)
<use figure/c14_LP.png>
Package pdftex.def Info: figure/c14_LP.png  used on input line 748.
(pdftex.def)             Requested size: 260.17464pt x 245.45511pt.
[39 <./figure/c14_LP.png (PNG copy)>] [40]
Chapter 4.
[41

]
LaTeX Font Info:    Trying to load font information for T1+lmtt on input line 7
83.
(c:/Users/Valentine/AppData/Roaming/TinyTeX/texmf-dist/tex/latex/lm/t1lmtt.fd
File: t1lmtt.fd 2009/10/30 v1.6 Font defs for Latin Modern
)
Underfull \vbox (badness 10000) has occurred while \output is active []

[42]
Underfull \vbox (badness 10000) has occurred while \output is active []

[43]
Underfull \vbox (badness 10000) has occurred while \output is active []

[44]
<figure/Metrics-01.png, id=806, 715.7139pt x 423.0204pt>
File: figure/Metrics-01.png Graphic file (type png)
<use figure/Metrics-01.png>
Package pdftex.def Info: figure/Metrics-01.png  used on input line 802.
(pdftex.def)             Requested size: 260.17464pt x 153.77827pt.
[45 <./figure/Metrics-01.png (PNG copy)>] [46] [47] [48

]
Chapter 5.
<thesis_files/figure-latex/spatialdistributionVB-1.pdf, id=830, 469.755pt x 325
.215pt>
File: thesis_files/figure-latex/spatialdistributionVB-1.pdf Graphic file (type 
pdf)
<use thesis_files/figure-latex/spatialdistributionVB-1.pdf>
Package pdftex.def Info: thesis_files/figure-latex/spatialdistributionVB-1.pdf 
 used on input line 841.
(pdftex.def)             Requested size: 346.89731pt x 240.15909pt.

Underfull \vbox (badness 10000) has occurred while \output is active []

[49]
<thesis_files/figure-latex/rmdispersion-1.pdf, id=839, 469.755pt x 325.215pt>
File: thesis_files/figure-latex/rmdispersion-1.pdf Graphic file (type pdf)
<use thesis_files/figure-latex/rmdispersion-1.pdf>
Package pdftex.def Info: thesis_files/figure-latex/rmdispersion-1.pdf  used on 
input line 854.
(pdftex.def)             Requested size: 346.89731pt x 240.15909pt.
[50 <./thesis_files/figure-latex/spatialdistributionVB-1.pdf>] [51 <./thesis_fi
les/figure-latex/rmdispersion-1.pdf>] [52]
Overfull \hbox (7.44989pt too wide) in paragraph at lines 891--891
 []|\T1/lmr/m/n/12 Quartz
 []


Overfull \hbox (7.44989pt too wide) in paragraph at lines 891--891
[]|\T1/lmr/m/n/12 Quartz 
 []


Overfull \hbox (0.92188pt too wide) in paragraph at lines 891--891
 []|\T1/lmr/m/n/12 Chert
 []


Overfull \hbox (0.92188pt too wide) in paragraph at lines 891--891
[]|\T1/lmr/m/n/12 Chert 
 []


Overfull \hbox (2.49747pt too wide) in paragraph at lines 891--891
 []|\T1/lmr/m/n/12 Chalcedony
 []


Overfull \hbox (2.49747pt too wide) in paragraph at lines 891--891
[]|\T1/lmr/m/n/12 Chalcedony 
 []


Overfull \hbox (1.5749pt too wide) in paragraph at lines 891--891
 []|\T1/lmr/m/n/12 Other
 []


Overfull \hbox (1.5749pt too wide) in paragraph at lines 891--891
[]|\T1/lmr/m/n/12 Other 
 []


Overfull \hbox (2.22821pt too wide) in paragraph at lines 891--891
[]|\T1/lmr/m/n/12 0.02%|  
 []


Overfull \hbox (2.22821pt too wide) in paragraph at lines 891--891
[]|\T1/lmr/m/n/12 3.58%|  
 []


Overfull \hbox (8.1032pt too wide) in paragraph at lines 891--891
[]|\T1/lmr/m/n/12 15.86%|  
 []


Overfull \hbox (8.1032pt too wide) in paragraph at lines 891--891
[]|\T1/lmr/m/n/12 11.76%|  
 []


Overfull \hbox (2.22821pt too wide) in paragraph at lines 891--891
[]|\T1/lmr/m/n/12 4.59%|  
 []


Overfull \hbox (2.22821pt too wide) in paragraph at lines 891--891
[]|\T1/lmr/m/n/12 1.68%|  
 []


Overfull \hbox (2.22821pt too wide) in paragraph at lines 891--891
[]|\T1/lmr/m/n/12 8.35%|  
 []


Overfull \hbox (2.22821pt too wide) in paragraph at lines 891--891
[]|\T1/lmr/m/n/12 2.94%|  
 []


Overfull \hbox (2.22821pt too wide) in paragraph at lines 891--891
[]|\T1/lmr/m/n/12 2.24%|  
 []


Overfull \hbox (2.22821pt too wide) in paragraph at lines 891--891
[]|\T1/lmr/m/n/12 0.23%|  
 []


Overfull \hbox (2.22821pt too wide) in paragraph at lines 891--891
[]|\T1/lmr/m/n/12 2.13%|  
 []


Overfull \hbox (2.22821pt too wide) in paragraph at lines 891--891
[]|\T1/lmr/m/n/12 2.94%|  
 []


Overfull \hbox (2.22821pt too wide) in paragraph at lines 891--891
[]|\T1/lmr/m/n/12 0.41%|  
 []


Overfull \hbox (2.22821pt too wide) in paragraph at lines 891--891
[]|\T1/lmr/m/n/12 0.03%|  
 []


Overfull \hbox (2.22821pt too wide) in paragraph at lines 891--891
[]|\T1/lmr/m/n/12 0.74%|  
 []


Overfull \hbox (2.22821pt too wide) in paragraph at lines 891--891
[]|\T1/lmr/m/n/12 0.01%|  
 []


Overfull \hbox (2.22821pt too wide) in paragraph at lines 891--891
[]|\T1/lmr/m/n/12 0.01%|  
 []


Overfull \hbox (2.22821pt too wide) in paragraph at lines 891--891
[]|\T1/lmr/m/n/12 2.94%|  
 []


Overfull \hbox (2.22821pt too wide) in paragraph at lines 891--891
[]|\T1/lmr/m/n/12 0.03%|  
 []


Overfull \hbox (2.22821pt too wide) in paragraph at lines 891--891
[]|\T1/lmr/m/n/12 0.19%|  
 []


Overfull \hbox (2.22821pt too wide) in paragraph at lines 891--891
[]|\T1/lmr/m/n/12 3.53%|  
 []


Overfull \hbox (2.22821pt too wide) in paragraph at lines 891--891
[]|\T1/lmr/m/n/12 0.04%|  
 []


Overfull \hbox (2.22821pt too wide) in paragraph at lines 891--891
[]|\T1/lmr/m/n/12 0.37%|  
 []


Overfull \hbox (2.22821pt too wide) in paragraph at lines 891--891
[]|\T1/lmr/m/n/12 0.06%|  
 []


Overfull \hbox (8.1032pt too wide) in paragraph at lines 891--891
[]|\T1/lmr/m/n/12 22.36%|  
 []


Overfull \hbox (2.22821pt too wide) in paragraph at lines 891--891
[]|\T1/lmr/m/n/12 8.81%|  
 []


Overfull \hbox (8.1032pt too wide) in paragraph at lines 891--891
[]|\T1/lmr/m/n/12 47.06%|  
 []


Overfull \hbox (8.1032pt too wide) in paragraph at lines 891--891
[]|\T1/lmr/m/n/12 21.43%|  
 []


Overfull \hbox (8.1032pt too wide) in paragraph at lines 891--891
[]|\T1/lmr/m/n/12 71.88%|  
 []


Overfull \hbox (2.22821pt too wide) in paragraph at lines 891--891
[]|\T1/lmr/m/n/12 60.2%|  
 []


Overfull \hbox (8.1032pt too wide) in paragraph at lines 891--891
[]|\T1/lmr/m/n/12 32.35%|  
 []


Overfull \hbox (8.1032pt too wide) in paragraph at lines 891--891
[]|\T1/lmr/m/n/12 70.62%|  
 []


Overfull \hbox (0.92218pt too wide) in paragraph at lines 891--891
 []|\T1/lmr/m/n/12 11094|
 []

[53]
Overfull \hbox (7.44989pt too wide) in paragraph at lines 918--918
 []|\T1/lmr/m/n/12 Quartz
 []


Overfull \hbox (7.44989pt too wide) in paragraph at lines 918--918
[]|\T1/lmr/m/n/12 Quartz 
 []


Overfull \hbox (0.92188pt too wide) in paragraph at lines 918--918
 []|\T1/lmr/m/n/12 Chert
 []


Overfull \hbox (0.92188pt too wide) in paragraph at lines 918--918
[]|\T1/lmr/m/n/12 Chert 
 []


Overfull \hbox (2.49747pt too wide) in paragraph at lines 918--918
 []|\T1/lmr/m/n/12 Chalcedony
 []


Overfull \hbox (2.49747pt too wide) in paragraph at lines 918--918
[]|\T1/lmr/m/n/12 Chalcedony 
 []


Overfull \hbox (1.5749pt too wide) in paragraph at lines 918--918
 []|\T1/lmr/m/n/12 Other
 []


Overfull \hbox (1.5749pt too wide) in paragraph at lines 918--918
[]|\T1/lmr/m/n/12 Other 
 []


Overfull \hbox (2.22821pt too wide) in paragraph at lines 918--918
[]|\T1/lmr/m/n/12 3.91%|  
 []


Overfull \hbox (8.1032pt too wide) in paragraph at lines 918--918
[]|\T1/lmr/m/n/12 19.53%|  
 []


Overfull \hbox (8.1032pt too wide) in paragraph at lines 918--918
[]|\T1/lmr/m/n/12 34.78%|  
 []


Overfull \hbox (2.22821pt too wide) in paragraph at lines 918--918
[]|\T1/lmr/m/n/12 6.18%|  
 []


Overfull \hbox (2.22821pt too wide) in paragraph at lines 918--918
[]|\T1/lmr/m/n/12 1.35%|  
 []


Overfull \hbox (2.22821pt too wide) in paragraph at lines 918--918
[]|\T1/lmr/m/n/12 7.44%|  
 []


Overfull \hbox (2.22821pt too wide) in paragraph at lines 918--918
[]|\T1/lmr/m/n/12 2.15%|  
 []


Overfull \hbox (2.22821pt too wide) in paragraph at lines 918--918
[]|\T1/lmr/m/n/12 0.05%|  
 []


Overfull \hbox (2.22821pt too wide) in paragraph at lines 918--918
[]|\T1/lmr/m/n/12 0.01%|  
 []


Overfull \hbox (2.22821pt too wide) in paragraph at lines 918--918
[]|\T1/lmr/m/n/12 0.29%|  
 []


Overfull \hbox (2.22821pt too wide) in paragraph at lines 918--918
[]|\T1/lmr/m/n/12 2.02%|  
 []


Overfull \hbox (2.22821pt too wide) in paragraph at lines 918--918
[]|\T1/lmr/m/n/12 0.49%|  
 []


Overfull \hbox (2.22821pt too wide) in paragraph at lines 918--918
[]|\T1/lmr/m/n/12 0.04%|  
 []


Overfull \hbox (2.22821pt too wide) in paragraph at lines 918--918
[]|\T1/lmr/m/n/12 0.48%|  
 []


Overfull \hbox (2.22821pt too wide) in paragraph at lines 918--918
[]|\T1/lmr/m/n/12 0.09%|  
 []


Overfull \hbox (2.22821pt too wide) in paragraph at lines 918--918
[]|\T1/lmr/m/n/12 0.01%|  
 []


Overfull \hbox (2.22821pt too wide) in paragraph at lines 918--918
[]|\T1/lmr/m/n/12 0.24%|  
 []


Overfull \hbox (2.22821pt too wide) in paragraph at lines 918--918
[]|\T1/lmr/m/n/12 0.04%|  
 []


Overfull \hbox (2.22821pt too wide) in paragraph at lines 918--918
[]|\T1/lmr/m/n/12 4.35%|  
 []


Overfull \hbox (2.22821pt too wide) in paragraph at lines 918--918
[]|\T1/lmr/m/n/12 0.04%|  
 []


Overfull \hbox (2.22821pt too wide) in paragraph at lines 918--918
[]|\T1/lmr/m/n/12 3.36%|  
 []


Overfull \hbox (2.22821pt too wide) in paragraph at lines 918--918
[]|\T1/lmr/m/n/12 0.72%|  
 []


Overfull \hbox (2.22821pt too wide) in paragraph at lines 918--918
[]|\T1/lmr/m/n/12 0.05%|  
 []


Overfull \hbox (2.22821pt too wide) in paragraph at lines 918--918
[]|\T1/lmr/m/n/12 0.43%|  
 []


Overfull \hbox (8.1032pt too wide) in paragraph at lines 918--918
[]|\T1/lmr/m/n/12 26.81%|  
 []


Overfull \hbox (8.1032pt too wide) in paragraph at lines 918--918
[]|\T1/lmr/m/n/12 10.89%|  
 []


Overfull \hbox (8.1032pt too wide) in paragraph at lines 918--918
[]|\T1/lmr/m/n/12 52.17%|  
 []


Overfull \hbox (2.22821pt too wide) in paragraph at lines 918--918
[]|\T1/lmr/m/n/12 24.5%|  
 []


Overfull \hbox (8.1032pt too wide) in paragraph at lines 918--918
[]|\T1/lmr/m/n/12 67.25%|  
 []


Overfull \hbox (8.1032pt too wide) in paragraph at lines 918--918
[]|\T1/lmr/m/n/12 55.57%|  
 []


Overfull \hbox (0.92218pt too wide) in paragraph at lines 918--918
 []|\T1/lmr/m/n/12 10252|
 []


Overfull \hbox (8.1032pt too wide) in paragraph at lines 918--918
[]|\T1/lmr/m/n/12 65.68%|  
 []


Overfull \hbox (0.92218pt too wide) in paragraph at lines 918--918
 []|\T1/lmr/m/n/12 11212|
 []


Overfull \hbox (0.92218pt too wide) in paragraph at lines 918--918
 []|\T1/lmr/m/n/12 15609|
 []

[54]
Underfull \vbox (badness 10000) has occurred while \output is active []

[55




] [56]
Underfull \vbox (badness 10000) has occurred while \output is active []

[57]
<thesis_files/figure-latex/rmvb-1.pdf, id=890, 469.755pt x 325.215pt>
File: thesis_files/figure-latex/rmvb-1.pdf Graphic file (type pdf)
<use thesis_files/figure-latex/rmvb-1.pdf>
Package pdftex.def Info: thesis_files/figure-latex/rmvb-1.pdf  used on input li
ne 994.
(pdftex.def)             Requested size: 346.89731pt x 240.15909pt.
[58 <./thesis_files/figure-latex/rmvb-1.pdf>] [59] [60] [61]
Underfull \vbox (badness 10000) has occurred while \output is active []

[62]
Underfull \vbox (badness 10000) has occurred while \output is active []

[63]
<figure/doleritephoto.jpg, id=948, 845.0772pt x 597.432pt>
File: figure/doleritephoto.jpg Graphic file (type jpg)
<use figure/doleritephoto.jpg>
Package pdftex.def Info: figure/doleritephoto.jpg  used on input line 1101.
(pdftex.def)             Requested size: 303.53267pt x 214.58308pt.
[64 <./figure/doleritephoto.jpg>]
<thesis_files/figure-latex/rmcortex-1.pdf, id=956, 469.755pt x 325.215pt>
File: thesis_files/figure-latex/rmcortex-1.pdf Graphic file (type pdf)
<use thesis_files/figure-latex/rmcortex-1.pdf>
Package pdftex.def Info: thesis_files/figure-latex/rmcortex-1.pdf  used on inpu
t line 1119.
(pdftex.def)             Requested size: 303.53267pt x 210.13672pt.

LaTeX Warning: `!h' float specifier changed to `!ht'.


LaTeX Warning: `!h' float specifier changed to `!ht'.

<thesis_files/figure-latex/rmlp-1.pdf, id=957, 469.755pt x 325.215pt>
File: thesis_files/figure-latex/rmlp-1.pdf Graphic file (type pdf)
<use thesis_files/figure-latex/rmlp-1.pdf>
Package pdftex.def Info: thesis_files/figure-latex/rmlp-1.pdf  used on input li
ne 1166.
(pdftex.def)             Requested size: 303.53267pt x 210.13672pt.
[65 <./thesis_files/figure-latex/rmcortex-1.pdf>]
Underfull \vbox (badness 2221) has occurred while \output is active []

[66 <./thesis_files/figure-latex/rmlp-1.pdf>]
<figure/prancha_bladelets.jpeg, id=984, 8299.005pt x 5928.1475pt>
File: figure/prancha_bladelets.jpeg Graphic file (type jpg)
<use figure/prancha_bladelets.jpeg>
Package pdftex.def Info: figure/prancha_bladelets.jpeg  used on input line 1182
.
(pdftex.def)             Requested size: 260.17464pt x 185.79689pt.

LaTeX Warning: Reference `Tab:cortextabtg' on page 67 undefined on input line 1
188.

[67 <./figure/prancha_bladelets.jpeg>] [68]
<thesis_files/figure-latex/chertspatial-1.pdf, id=1006, 469.755pt x 325.215pt>
File: thesis_files/figure-latex/chertspatial-1.pdf Graphic file (type pdf)
<use thesis_files/figure-latex/chertspatial-1.pdf>
Package pdftex.def Info: thesis_files/figure-latex/chertspatial-1.pdf  used on 
input line 1244.
(pdftex.def)             Requested size: 303.53267pt x 210.13672pt.

Underfull \vbox (badness 10000) has occurred while \output is active []

[69]
<thesis_files/figure-latex/cortexlp-1.pdf, id=1013, 469.755pt x 325.215pt>
File: thesis_files/figure-latex/cortexlp-1.pdf Graphic file (type pdf)
<use thesis_files/figure-latex/cortexlp-1.pdf>
Package pdftex.def Info: thesis_files/figure-latex/cortexlp-1.pdf  used on inpu
t line 1252.
(pdftex.def)             Requested size: 303.53267pt x 210.13672pt.
[70 <./thesis_files/figure-latex/chertspatial-1.pdf> <./thesis_files/figure-lat
ex/cortexlp-1.pdf>] [71]
<figure/coreL.jpg, id=1041, 722.7pt x 481.8pt>
File: figure/coreL.jpg Graphic file (type jpg)
<use figure/coreL.jpg>
Package pdftex.def Info: figure/coreL.jpg  used on input line 1307.
(pdftex.def)             Requested size: 346.89731pt x 231.26137pt.
<figure/coreU.jpg, id=1042, 722.7pt x 481.8pt>
File: figure/coreU.jpg Graphic file (type jpg)
<use figure/coreU.jpg>
Package pdftex.def Info: figure/coreU.jpg  used on input line 1315.
(pdftex.def)             Requested size: 346.89731pt x 231.26137pt.
[72 <./figure/coreL.jpg> <./figure/coreU.jpg>]
<thesis_files/figure-latex/coretypeVB-1.pdf, id=1050, 469.755pt x 325.215pt>
File: thesis_files/figure-latex/coretypeVB-1.pdf Graphic file (type pdf)
<use thesis_files/figure-latex/coretypeVB-1.pdf>
Package pdftex.def Info: thesis_files/figure-latex/coretypeVB-1.pdf  used on in
put line 1328.
(pdftex.def)             Requested size: 390.25534pt x 270.1765pt.
<thesis_files/figure-latex/corebloxplotVB-1.pdf, id=1053, 469.755pt x 325.215pt
>
File: thesis_files/figure-latex/corebloxplotVB-1.pdf Graphic file (type pdf)
<use thesis_files/figure-latex/corebloxplotVB-1.pdf>
Package pdftex.def Info: thesis_files/figure-latex/corebloxplotVB-1.pdf  used o
n input line 1339.
(pdftex.def)             Requested size: 346.89731pt x 240.15909pt.
[73 <./thesis_files/figure-latex/coretypeVB-1.pdf>]
<thesis_files/figure-latex/coretypeLP-1.pdf, id=1073, 469.755pt x 325.215pt>
File: thesis_files/figure-latex/coretypeLP-1.pdf Graphic file (type pdf)
<use thesis_files/figure-latex/coretypeLP-1.pdf>
Package pdftex.def Info: thesis_files/figure-latex/coretypeLP-1.pdf  used on in
put line 1353.
(pdftex.def)             Requested size: 260.17464pt x 180.11931pt.
[74 <./thesis_files/figure-latex/corebloxplotVB-1.pdf>]
<thesis_files/figure-latex/corebloxplotLP-1.pdf, id=1088, 469.755pt x 325.215pt
>
File: thesis_files/figure-latex/corebloxplotLP-1.pdf Graphic file (type pdf)
<use thesis_files/figure-latex/corebloxplotLP-1.pdf>
Package pdftex.def Info: thesis_files/figure-latex/corebloxplotLP-1.pdf  used o
n input line 1362.
(pdftex.def)             Requested size: 260.17464pt x 180.11931pt.

Underfull \vbox (badness 10000) has occurred while \output is active []

[75 <./thesis_files/figure-latex/coretypeLP-1.pdf> <./thesis_files/figure-latex
/corebloxplotLP-1.pdf>] [76]
Underfull \vbox (badness 10000) has occurred while \output is active []

[77]
<thesis_files/figure-latex/flakeboxplot-1.pdf, id=1125, 469.755pt x 325.215pt>
File: thesis_files/figure-latex/flakeboxplot-1.pdf Graphic file (type pdf)
<use thesis_files/figure-latex/flakeboxplot-1.pdf>
Package pdftex.def Info: thesis_files/figure-latex/flakeboxplot-1.pdf  used on 
input line 1416.
(pdftex.def)             Requested size: 346.89731pt x 240.15909pt.
[78 <./thesis_files/figure-latex/flakeboxplot-1.pdf>] [79]
<thesis_files/figure-latex/flakeboxplotLP-1.pdf, id=1148, 469.755pt x 325.215pt
>
File: thesis_files/figure-latex/flakeboxplotLP-1.pdf Graphic file (type pdf)
<use thesis_files/figure-latex/flakeboxplotLP-1.pdf>
Package pdftex.def Info: thesis_files/figure-latex/flakeboxplotLP-1.pdf  used o
n input line 1444.
(pdftex.def)             Requested size: 346.89731pt x 240.15909pt.

LaTeX Warning: `h' float specifier changed to `ht'.


Underfull \vbox (badness 10000) has occurred while \output is active []

[80]
<thesis_files/figure-latex/elongdisp1-1.pdf, id=1157, 469.755pt x 325.215pt>
File: thesis_files/figure-latex/elongdisp1-1.pdf Graphic file (type pdf)
<use thesis_files/figure-latex/elongdisp1-1.pdf>
Package pdftex.def Info: thesis_files/figure-latex/elongdisp1-1.pdf  used on in
put line 1461.
(pdftex.def)             Requested size: 346.89731pt x 240.15909pt.
<thesis_files/figure-latex/elongdisp2-1.pdf, id=1158, 469.755pt x 325.215pt>
File: thesis_files/figure-latex/elongdisp2-1.pdf Graphic file (type pdf)
<use thesis_files/figure-latex/elongdisp2-1.pdf>
Package pdftex.def Info: thesis_files/figure-latex/elongdisp2-1.pdf  used on in
put line 1469.
(pdftex.def)             Requested size: 346.89731pt x 240.15909pt.
[81 <./thesis_files/figure-latex/flakeboxplotLP-1.pdf>] [82 <./thesis_files/fig
ure-latex/elongdisp1-1.pdf> <./thesis_files/figure-latex/elongdisp2-1.pdf>] [83
] [84]

LaTeX Warning: Reference `tab:elongtableLP1' on page 85 undefined on input line
 1520.

<thesis_files/figure-latex/elongdisp1LP-1.pdf, id=1205, 469.755pt x 325.215pt>
File: thesis_files/figure-latex/elongdisp1LP-1.pdf Graphic file (type pdf)
<use thesis_files/figure-latex/elongdisp1LP-1.pdf>
Package pdftex.def Info: thesis_files/figure-latex/elongdisp1LP-1.pdf  used on 
input line 1525.
(pdftex.def)             Requested size: 346.89731pt x 240.15909pt.

LaTeX Warning: `h' float specifier changed to `ht'.

[85]
<thesis_files/figure-latex/elongdisp2LP-1.pdf, id=1211, 469.755pt x 325.215pt>
File: thesis_files/figure-latex/elongdisp2LP-1.pdf Graphic file (type pdf)
<use thesis_files/figure-latex/elongdisp2LP-1.pdf>
Package pdftex.def Info: thesis_files/figure-latex/elongdisp2LP-1.pdf  used on 
input line 1534.
(pdftex.def)             Requested size: 346.89731pt x 240.15909pt.
[86 <./thesis_files/figure-latex/elongdisp1LP-1.pdf> <./thesis_files/figure-lat
ex/elongdisp2LP-1.pdf>] [87]
Underfull \vbox (badness 10000) has occurred while \output is active []

[88] [89] [90] [91]

LaTeX Warning: `!h' float specifier changed to `!ht'.


Underfull \vbox (badness 10000) has occurred while \output is active []

[92




]
Underfull \vbox (badness 10000) has occurred while \output is active []

[93]
<figure/prancha_vct.jpg, id=1278, 845.0772pt x 597.432pt>
File: figure/prancha_vct.jpg Graphic file (type jpg)
<use figure/prancha_vct.jpg>
Package pdftex.def Info: figure/prancha_vct.jpg  used on input line 1817.
(pdftex.def)             Requested size: 303.53267pt x 214.58308pt.
<figure/prancha_vct2.jpg, id=1279, 845.0772pt x 597.432pt>
File: figure/prancha_vct2.jpg Graphic file (type jpg)
<use figure/prancha_vct2.jpg>
Package pdftex.def Info: figure/prancha_vct2.jpg  used on input line 1825.
(pdftex.def)             Requested size: 303.53267pt x 214.58308pt.
<figure/prancha_blades.jpg, id=1280, 2011.0332pt x 2308.0629pt>
File: figure/prancha_blades.jpg Graphic file (type jpg)
<use figure/prancha_blades.jpg>
Package pdftex.def Info: figure/prancha_blades.jpg  used on input line 1833.
(pdftex.def)             Requested size: 260.17464pt x 298.57954pt.

LaTeX Warning: `!h' float specifier changed to `!ht'.


LaTeX Warning: `h' float specifier changed to `ht'.


LaTeX Warning: `h' float specifier changed to `ht'.


LaTeX Warning: `h' float specifier changed to `ht'.

[94] [95 <./figure/prancha_vct.jpg>] [96 <./figure/prancha_vct2.jpg> <./figure/
prancha_blades.jpg>]
Chapter 6.

Underfull \vbox (badness 10000) has occurred while \output is active []

[97

]
Underfull \vbox (badness 10000) has occurred while \output is active []

[98]
Underfull \vbox (badness 10000) has occurred while \output is active []

[99]
Underfull \vbox (badness 10000) has occurred while \output is active []

[100]

LaTeX Warning: Reference `fig: plotVCflat' on page 101 undefined on input line 
1876.

<thesis_files/figure-latex/plotsVCelong-1.pdf, id=1315, 469.755pt x 325.215pt>
File: thesis_files/figure-latex/plotsVCelong-1.pdf Graphic file (type pdf)
<use thesis_files/figure-latex/plotsVCelong-1.pdf>
Package pdftex.def Info: thesis_files/figure-latex/plotsVCelong-1.pdf  used on 
input line 1879.
(pdftex.def)             Requested size: 303.53267pt x 210.13672pt.

Underfull \vbox (badness 10000) has occurred while \output is active []

[101]
<thesis_files/figure-latex/plotVCflat-1.pdf, id=1320, 469.755pt x 325.215pt>
File: thesis_files/figure-latex/plotVCflat-1.pdf Graphic file (type pdf)
<use thesis_files/figure-latex/plotVCflat-1.pdf>
Package pdftex.def Info: thesis_files/figure-latex/plotVCflat-1.pdf  used on in
put line 1887.
(pdftex.def)             Requested size: 303.53267pt x 210.13672pt.
[102 <./thesis_files/figure-latex/plotsVCelong-1.pdf> <./thesis_files/figure-la
tex/plotVCflat-1.pdf>]
<thesis_files/figure-latex/plotVCplatflat-1.pdf, id=1337, 469.755pt x 325.215pt
>
File: thesis_files/figure-latex/plotVCplatflat-1.pdf Graphic file (type pdf)
<use thesis_files/figure-latex/plotVCplatflat-1.pdf>
Package pdftex.def Info: thesis_files/figure-latex/plotVCplatflat-1.pdf  used o
n input line 1899.
(pdftex.def)             Requested size: 303.53267pt x 210.13672pt.
<thesis_files/figure-latex/plotVCconverge-1.pdf, id=1338, 469.755pt x 325.215pt
>
File: thesis_files/figure-latex/plotVCconverge-1.pdf Graphic file (type pdf)
<use thesis_files/figure-latex/plotVCconverge-1.pdf>
Package pdftex.def Info: thesis_files/figure-latex/plotVCconverge-1.pdf  used o
n input line 1907.
(pdftex.def)             Requested size: 303.53267pt x 210.13672pt.

LaTeX Warning: `h' float specifier changed to `ht'.

[103 <./thesis_files/figure-latex/plotVCplatflat-1.pdf>]
Underfull \vbox (badness 10000) has occurred while \output is active []

[104 <./thesis_files/figure-latex/plotVCconverge-1.pdf>]
Underfull \vbox (badness 10000) has occurred while \output is active []

[105]
<figure/c14_all.png, id=1365, 536.2434pt x 740.5266pt>
File: figure/c14_all.png Graphic file (type png)
<use figure/c14_all.png>
Package pdftex.def Info: figure/c14_all.png  used on input line 1934.
(pdftex.def)             Requested size: 303.53267pt x 419.17796pt.
[106 <./figure/c14_all.png (PNG copy)>]
Underfull \vbox (badness 10000) has occurred while \output is active []

[107]
Underfull \vbox (badness 10000) has occurred while \output is active []

[108] [109] [110

]
Chapter 7.
[111] [112] [113] [114

]
Underfull \vbox (badness 10000) has occurred while \output is active []

[115]
Underfull \vbox (badness 10000) has occurred while \output is active []

[116]
Underfull \vbox (badness 10000) has occurred while \output is active []

[117]
Underfull \vbox (badness 10000) has occurred while \output is active []

[118]
Underfull \vbox (badness 10000) has occurred while \output is active []

[119]
Underfull \vbox (badness 10000) has occurred while \output is active []

[120]
Underfull \vbox (badness 10000) has occurred while \output is active []

[121] [122]
Appendix A.
[123

] [124] [125

] [126] [127] [128]
<figure/thin_section.png, id=1564, 4926.405pt x 3276.24pt>
File: figure/thin_section.png Graphic file (type png)
<use figure/thin_section.png>
Package pdftex.def Info: figure/thin_section.png  used on input line 2383.
(pdftex.def)             Requested size: 303.53267pt x 201.815pt.
[129

 <./figure/thin_section.png (PNG copy)>] [130

]
Appendix B.
[131] [132] [133]
Overfull \hbox (25.6325pt too wide) in paragraph at lines 2567--2567
[]|\T1/lmr/m/n/9 CrossSection, 
 []


Overfull \hbox (6.81319pt too wide) in paragraph at lines 2568--2568
[]|\T1/lmr/m/n/9 Irregular|  
 []


Overfull \hbox (12.55327pt too wide) in paragraph at lines 2569--2569
[]|\T1/lmr/m/n/9 Lenticular|  
 []


Overfull \hbox (27.60324pt too wide) in paragraph at lines 2571--2571
[]|\T1/lmr/m/n/9 Quadrangular|  
 []


Overfull \hbox (18.84932pt too wide) in paragraph at lines 2573--2573
[]|\T1/lmr/m/n/9 Trapezoidal|  
 []


Overfull \hbox (13.9849pt too wide) in paragraph at lines 2574--2574
[]|\T1/lmr/m/n/9 Triangular|  
 []


Overfull \hbox (22.29723pt too wide) in paragraph at lines 2575--2575
[]|\T1/lmr/m/n/9 BlankShape, 
 []


Overfull \hbox (4.47769pt too wide) in paragraph at lines 2576--2576
[]|\T1/lmr/m/n/9 Circular|  
 []


Overfull \hbox (17.31088pt too wide) in paragraph at lines 2577--2577
[]|\T1/lmr/m/n/9 Convergent|  
 []


Overfull \hbox (10.75783pt too wide) in paragraph at lines 2580--2580
[]|\T1/lmr/m/n/9 Divergent|  
 []


Overfull \hbox (6.81319pt too wide) in paragraph at lines 2581--2581
[]|\T1/lmr/m/n/9 Irregular|  
 []


Overfull \hbox (2.27579pt too wide) in paragraph at lines 2582--2582
[]|\T1/lmr/m/n/9 Parallel|  
 []


Overfull \hbox (0.86328pt too wide) in paragraph at lines 2585--2585
[]|\T1/lmr/m/n/9 Curved|  
 []


Overfull \hbox (6.81319pt too wide) in paragraph at lines 2586--2586
[]|\T1/lmr/m/n/9 Irregular|  
 []


Overfull \hbox (4.19981pt too wide) in paragraph at lines 2587--2587
[]|\T1/lmr/m/n/9 Straight|  
 []


Overfull \hbox (3.20604pt too wide) in paragraph at lines 2588--2588
[]|\T1/lmr/m/n/9 Twisted|  
 []


Overfull \hbox (12.27277pt too wide) in paragraph at lines 2589--2589
[]|\T1/lmr/m/n/9 BlankTip, 
 []


Overfull \hbox (2.02188pt too wide) in paragraph at lines 2591--2591
[]|\T1/lmr/m/n/9 Feather|  
 []


Overfull \hbox (12.99088pt too wide) in paragraph at lines 2593--2593
[]|\T1/lmr/m/n/9 Overshoot|  
 []


Overfull \hbox (2.51187pt too wide) in paragraph at lines 2594--2594
[]|\T1/lmr/m/n/9 Pointed|  
 []


Overfull \hbox (30.79602pt too wide) in paragraph at lines 2597--2597
[]|\T1/lmr/m/n/9 PlatformType, 
 []


Overfull \hbox (5.02588pt too wide) in paragraph at lines 2598--2598
[]|\T1/lmr/m/n/9 Crushed|  
 []


Overfull \hbox (6.38673pt too wide) in paragraph at lines 2599--2599
[]|\T1/lmr/m/n/9 Dihedral|  
 []


Overfull \hbox (2.51488pt too wide) in paragraph at lines 2600--2600
[]|\T1/lmr/m/n/9 Faceted|  
 []


Overfull \hbox (2.63925pt too wide) in paragraph at lines 2605--2605
[]|\T1/lmr/m/n/9 Winged|  
 []


Overfull \hbox (37.497pt too wide) in paragraph at lines 2606--2606
[]|\T1/lmr/m/n/9 PlatformCortex, 
 []


Overfull \hbox (24.0235pt too wide) in paragraph at lines 2609--2609
[]|\T1/lmr/m/n/9 YesComplete|  
 []


Overfull \hbox (13.1171pt too wide) in paragraph at lines 2610--2610
[]|\T1/lmr/m/n/9 YesPartial|  
 []


Overfull \hbox (16.53328pt too wide) in paragraph at lines 2611--2611
[]|\T1/lmr/m/n/9 ScarCount, 
 []


Overfull \hbox (1.63371pt too wide) in paragraph at lines 2623--2623
[]|\T1/lmr/m/n/9 Cortex, 
 []

[134] [135]
Overfull \hbox (25.6325pt too wide) in paragraph at lines 2651--2651
[]|\T1/lmr/m/n/9 CrossSection, 
 []


Overfull \hbox (6.81319pt too wide) in paragraph at lines 2652--2652
[]|\T1/lmr/m/n/9 Irregular|  
 []


Overfull \hbox (12.55327pt too wide) in paragraph at lines 2653--2653
[]|\T1/lmr/m/n/9 Lenticular|  
 []


Overfull \hbox (27.60324pt too wide) in paragraph at lines 2655--2655
[]|\T1/lmr/m/n/9 Quadrangular|  
 []


Overfull \hbox (18.84932pt too wide) in paragraph at lines 2657--2657
[]|\T1/lmr/m/n/9 Trapezoidal|  
 []


Overfull \hbox (13.9849pt too wide) in paragraph at lines 2658--2658
[]|\T1/lmr/m/n/9 Triangular|  
 []


Overfull \hbox (22.29723pt too wide) in paragraph at lines 2659--2659
[]|\T1/lmr/m/n/9 BlankShape, 
 []


Overfull \hbox (4.47769pt too wide) in paragraph at lines 2660--2660
[]|\T1/lmr/m/n/9 Circular|  
 []


Overfull \hbox (17.31088pt too wide) in paragraph at lines 2661--2661
[]|\T1/lmr/m/n/9 Convergent|  
 []


Overfull \hbox (10.75783pt too wide) in paragraph at lines 2664--2664
[]|\T1/lmr/m/n/9 Divergent|  
 []


Overfull \hbox (6.81319pt too wide) in paragraph at lines 2665--2665
[]|\T1/lmr/m/n/9 Irregular|  
 []


Overfull \hbox (2.27579pt too wide) in paragraph at lines 2667--2667
[]|\T1/lmr/m/n/9 Parallel|  
 []


Overfull \hbox (0.86328pt too wide) in paragraph at lines 2670--2670
[]|\T1/lmr/m/n/9 Curved|  
 []


Overfull \hbox (6.81319pt too wide) in paragraph at lines 2671--2671
[]|\T1/lmr/m/n/9 Irregular|  
 []


Overfull \hbox (4.19981pt too wide) in paragraph at lines 2672--2672
[]|\T1/lmr/m/n/9 Straight|  
 []


Overfull \hbox (3.20604pt too wide) in paragraph at lines 2673--2673
[]|\T1/lmr/m/n/9 Twisted|  
 []


Overfull \hbox (12.27277pt too wide) in paragraph at lines 2675--2675
[]|\T1/lmr/m/n/9 BlankTip, 
 []


Overfull \hbox (2.02188pt too wide) in paragraph at lines 2676--2676
[]|\T1/lmr/m/n/9 Feather|  
 []


Overfull \hbox (12.99088pt too wide) in paragraph at lines 2678--2678
[]|\T1/lmr/m/n/9 Overshoot|  
 []


Overfull \hbox (2.51187pt too wide) in paragraph at lines 2679--2679
[]|\T1/lmr/m/n/9 Pointed|  
 []


Overfull \hbox (30.79602pt too wide) in paragraph at lines 2682--2682
[]|\T1/lmr/m/n/9 PlatformType, 
 []


Overfull \hbox (5.02588pt too wide) in paragraph at lines 2683--2683
[]|\T1/lmr/m/n/9 Crushed|  
 []


Overfull \hbox (6.38673pt too wide) in paragraph at lines 2684--2684
[]|\T1/lmr/m/n/9 Dihedral|  
 []


Overfull \hbox (2.51488pt too wide) in paragraph at lines 2685--2685
[]|\T1/lmr/m/n/9 Faceted|  
 []


Overfull \hbox (2.63925pt too wide) in paragraph at lines 2690--2690
[]|\T1/lmr/m/n/9 Winged|  
 []


Overfull \hbox (37.497pt too wide) in paragraph at lines 2691--2691
[]|\T1/lmr/m/n/9 PlatformCortex, 
 []


Overfull \hbox (24.0235pt too wide) in paragraph at lines 2694--2694
[]|\T1/lmr/m/n/9 YesComplete|  
 []


Overfull \hbox (13.1171pt too wide) in paragraph at lines 2695--2695
[]|\T1/lmr/m/n/9 YesPartial|  
 []


Overfull \hbox (16.53328pt too wide) in paragraph at lines 2696--2696
[]|\T1/lmr/m/n/9 ScarCount, 
 []


Overfull \hbox (1.63371pt too wide) in paragraph at lines 2707--2707
[]|\T1/lmr/m/n/9 Cortex, 
 []

[136] [137] [138]
Overfull \hbox (31.32297pt too wide) in paragraph at lines 2772--2772
[]|\T1/lmr/m/n/9 CrossSection, 
 []


Overfull \hbox (12.50365pt too wide) in paragraph at lines 2773--2773
[]|\T1/lmr/m/n/9 Irregular|  
 []


Overfull \hbox (0.87622pt too wide) in paragraph at lines 2773--2773
\T1/lmr/m/n/9 (27.3)|  
 []


Overfull \hbox (0.87622pt too wide) in paragraph at lines 2773--2773
\T1/lmr/m/n/9 (33.3)|  
 []


Overfull \hbox (5.50122pt too wide) in paragraph at lines 2773--2773
\T1/lmr/m/n/9 (100.0)|  
 []


Overfull \hbox (0.87622pt too wide) in paragraph at lines 2773--2774
\T1/lmr/m/n/9 (20.7)|  
 []


Overfull \hbox (18.24373pt too wide) in paragraph at lines 2774--2774
[]|\T1/lmr/m/n/9 Lenticular|  
 []


Overfull \hbox (33.2937pt too wide) in paragraph at lines 2775--2775
[]|\T1/lmr/m/n/9 Quadrangular|  
 []


Overfull \hbox (0.87622pt too wide) in paragraph at lines 2775--2775
\T1/lmr/m/n/9 (16.7)|  
 []


Overfull \hbox (24.53978pt too wide) in paragraph at lines 2776--2776
[]|\T1/lmr/m/n/9 Trapezoidal|  
 []


Overfull \hbox (0.87622pt too wide) in paragraph at lines 2776--2776
\T1/lmr/m/n/9 (16.7)|  
 []


Overfull \hbox (19.67535pt too wide) in paragraph at lines 2778--2778
[]|\T1/lmr/m/n/9 Triangular|  
 []


Overfull \hbox (0.87622pt too wide) in paragraph at lines 2778--2778
\T1/lmr/m/n/9 (59.1)|  
 []


Overfull \hbox (0.87622pt too wide) in paragraph at lines 2778--2778
\T1/lmr/m/n/9 (77.4)|  
 []


Overfull \hbox (0.87622pt too wide) in paragraph at lines 2778--2778
\T1/lmr/m/n/9 (33.3)|  
 []


Overfull \hbox (0.87622pt too wide) in paragraph at lines 2778--2779
\T1/lmr/m/n/9 (63.4)|  
 []


Overfull \hbox (27.98769pt too wide) in paragraph at lines 2779--2779
[]|\T1/lmr/m/n/9 BlankShape, 
 []


Overfull \hbox (23.00134pt too wide) in paragraph at lines 2780--2780
[]|\T1/lmr/m/n/9 Convergent|  
 []


Overfull \hbox (0.87622pt too wide) in paragraph at lines 2780--2780
\T1/lmr/m/n/9 (25.0)|  
 []


Overfull \hbox (0.87622pt too wide) in paragraph at lines 2780--2780
\T1/lmr/m/n/9 (51.6)|  
 []


Overfull \hbox (0.87622pt too wide) in paragraph at lines 2780--2780
\T1/lmr/m/n/9 (50.0)|  
 []


Overfull \hbox (0.87622pt too wide) in paragraph at lines 2780--2781
\T1/lmr/m/n/9 (36.6)|  
 []


Overfull \hbox (3.06949pt too wide) in paragraph at lines 2781--2781
[]|\T1/lmr/m/n/9 Dejete|  
 []


Overfull \hbox (0.87622pt too wide) in paragraph at lines 2781--2781
\T1/lmr/m/n/9 (16.7)|  
 []


Overfull \hbox (16.44829pt too wide) in paragraph at lines 2782--2782
[]|\T1/lmr/m/n/9 Divergent|  
 []


Overfull \hbox (12.50365pt too wide) in paragraph at lines 2784--2784
[]|\T1/lmr/m/n/9 Irregular|  
 []


Overfull \hbox (0.87622pt too wide) in paragraph at lines 2784--2784
\T1/lmr/m/n/9 (12.9)|  
 []


Overfull \hbox (0.87622pt too wide) in paragraph at lines 2784--2784
\T1/lmr/m/n/9 (16.7)|  
 []


Overfull \hbox (5.50122pt too wide) in paragraph at lines 2784--2784
\T1/lmr/m/n/9 (100.0)|  
 []


Overfull \hbox (0.87622pt too wide) in paragraph at lines 2784--2785
\T1/lmr/m/n/9 (12.2)|  
 []


Overfull \hbox (7.96625pt too wide) in paragraph at lines 2785--2785
[]|\T1/lmr/m/n/9 Parallel|  
 []


Overfull \hbox (0.87622pt too wide) in paragraph at lines 2785--2785
\T1/lmr/m/n/9 (63.6)|  
 []


Overfull \hbox (0.87622pt too wide) in paragraph at lines 2785--2785
\T1/lmr/m/n/9 (29.0)|  
 []


Overfull \hbox (0.87622pt too wide) in paragraph at lines 2785--2785
\T1/lmr/m/n/9 (16.7)|  
 []


Overfull \hbox (0.87622pt too wide) in paragraph at lines 2785--2786
\T1/lmr/m/n/9 (46.3)|  
 []


Overfull \hbox (6.1677pt too wide) in paragraph at lines 2786--2786
[]|\T1/lmr/m/n/9 Profile, 
 []


Overfull \hbox (6.55374pt too wide) in paragraph at lines 2787--2787
[]|\T1/lmr/m/n/9 Curved|  
 []


Overfull \hbox (0.87622pt too wide) in paragraph at lines 2787--2787
\T1/lmr/m/n/9 (22.7)|  
 []


Overfull \hbox (0.87622pt too wide) in paragraph at lines 2787--2787
\T1/lmr/m/n/9 (38.7)|  
 []


Overfull \hbox (0.87622pt too wide) in paragraph at lines 2787--2787
\T1/lmr/m/n/9 (16.7)|  
 []


Overfull \hbox (0.87622pt too wide) in paragraph at lines 2787--2788
\T1/lmr/m/n/9 (28.0)|  
 []


Overfull \hbox (12.50365pt too wide) in paragraph at lines 2788--2788
[]|\T1/lmr/m/n/9 Irregular|  
 []


Overfull \hbox (9.89027pt too wide) in paragraph at lines 2790--2790
[]|\T1/lmr/m/n/9 Straight|  
 []


Overfull \hbox (0.87622pt too wide) in paragraph at lines 2790--2790
\T1/lmr/m/n/9 (72.7)|  
 []


Overfull \hbox (0.87622pt too wide) in paragraph at lines 2790--2790
\T1/lmr/m/n/9 (48.4)|  
 []


Overfull \hbox (0.87622pt too wide) in paragraph at lines 2790--2790
\T1/lmr/m/n/9 (66.7)|  
 []


Overfull \hbox (5.50122pt too wide) in paragraph at lines 2790--2790
\T1/lmr/m/n/9 (100.0)|  
 []


Overfull \hbox (0.87622pt too wide) in paragraph at lines 2790--2791
\T1/lmr/m/n/9 (63.4)|  
 []


Overfull \hbox (8.8965pt too wide) in paragraph at lines 2791--2791
[]|\T1/lmr/m/n/9 Twisted|  
 []


Overfull \hbox (0.87622pt too wide) in paragraph at lines 2791--2791
\T1/lmr/m/n/9 (16.7)|  
 []


Overfull \hbox (17.96323pt too wide) in paragraph at lines 2792--2792
[]|\T1/lmr/m/n/9 BlankTip, 
 []


Overfull \hbox (7.71234pt too wide) in paragraph at lines 2793--2793
[]|\T1/lmr/m/n/9 Feather|  
 []


Overfull \hbox (0.87622pt too wide) in paragraph at lines 2793--2793
\T1/lmr/m/n/9 (36.4)|  
 []


Overfull \hbox (0.87622pt too wide) in paragraph at lines 2793--2793
\T1/lmr/m/n/9 (16.1)|  
 []


Overfull \hbox (0.87622pt too wide) in paragraph at lines 2793--2793
\T1/lmr/m/n/9 (33.3)|  
 []


Overfull \hbox (0.87622pt too wide) in paragraph at lines 2793--2794
\T1/lmr/m/n/9 (28.0)|  
 []


Overfull \hbox (0.6217pt too wide) in paragraph at lines 2794--2794
[]|\T1/lmr/m/n/9 Hinge|  
 []


Overfull \hbox (0.87622pt too wide) in paragraph at lines 2794--2794
\T1/lmr/m/n/9 (29.5)|  
 []


Overfull \hbox (0.87622pt too wide) in paragraph at lines 2794--2794
\T1/lmr/m/n/9 (22.6)|  
 []


Overfull \hbox (0.87622pt too wide) in paragraph at lines 2794--2794
\T1/lmr/m/n/9 (66.7)|  
 []


Overfull \hbox (0.87622pt too wide) in paragraph at lines 2794--2795
\T1/lmr/m/n/9 (29.3)|  
 []


Overfull \hbox (8.20233pt too wide) in paragraph at lines 2796--2796
[]|\T1/lmr/m/n/9 Pointed|  
 []


Overfull \hbox (0.87622pt too wide) in paragraph at lines 2796--2796
\T1/lmr/m/n/9 (25.0)|  
 []


Overfull \hbox (0.87622pt too wide) in paragraph at lines 2796--2796
\T1/lmr/m/n/9 (35.5)|  
 []


Overfull \hbox (0.87622pt too wide) in paragraph at lines 2796--2797
\T1/lmr/m/n/9 (26.8)|  
 []


Overfull \hbox (0.87622pt too wide) in paragraph at lines 2797--2797
\T1/lmr/m/n/9 (25.8)|  
 []


Overfull \hbox (5.50122pt too wide) in paragraph at lines 2797--2797
\T1/lmr/m/n/9 (100.0)|  
 []


Overfull \hbox (0.87622pt too wide) in paragraph at lines 2797--2798
\T1/lmr/m/n/9 (15.9)|  
 []


Overfull \hbox (36.48648pt too wide) in paragraph at lines 2798--2798
[]|\T1/lmr/m/n/9 PlatformType, 
 []


Overfull \hbox (10.71634pt too wide) in paragraph at lines 2799--2799
[]|\T1/lmr/m/n/9 Crushed|  
 []


Overfull \hbox (0.87622pt too wide) in paragraph at lines 2799--2799
\T1/lmr/m/n/9 (40.9)|  
 []


Overfull \hbox (0.87622pt too wide) in paragraph at lines 2799--2799
\T1/lmr/m/n/9 (16.1)|  
 []


Overfull \hbox (0.87622pt too wide) in paragraph at lines 2799--2799
\T1/lmr/m/n/9 (16.7)|  
 []


Overfull \hbox (0.87622pt too wide) in paragraph at lines 2799--2800
\T1/lmr/m/n/9 (29.3)|  
 []


Overfull \hbox (12.0772pt too wide) in paragraph at lines 2800--2800
[]|\T1/lmr/m/n/9 Dihedral|  
 []


Overfull \hbox (0.87622pt too wide) in paragraph at lines 2800--2800
\T1/lmr/m/n/9 (12.9)|  
 []


Overfull \hbox (3.08418pt too wide) in paragraph at lines 2802--2802
[]|\T1/lmr/m/n/9 Linear|  
 []


Overfull \hbox (0.87622pt too wide) in paragraph at lines 2803--2803
\T1/lmr/m/n/9 (45.5)|  
 []


Overfull \hbox (0.87622pt too wide) in paragraph at lines 2803--2803
\T1/lmr/m/n/9 (61.3)|  
 []


Overfull \hbox (0.87622pt too wide) in paragraph at lines 2803--2803
\T1/lmr/m/n/9 (83.3)|  
 []


Overfull \hbox (5.50122pt too wide) in paragraph at lines 2803--2803
\T1/lmr/m/n/9 (100.0)|  
 []


Overfull \hbox (0.87622pt too wide) in paragraph at lines 2803--2804
\T1/lmr/m/n/9 (54.9)|  
 []


Overfull \hbox (22.86499pt too wide) in paragraph at lines 2804--2804
[]|\T1/lmr/m/n/9 Punctiform|  
 []


Overfull \hbox (8.32971pt too wide) in paragraph at lines 2805--2805
[]|\T1/lmr/m/n/9 Winged|  
 []


Overfull \hbox (43.18745pt too wide) in paragraph at lines 2806--2806
[]|\T1/lmr/m/n/9 PlatformCortex, 
 []


Overfull \hbox (5.50122pt too wide) in paragraph at lines 2808--2808
\T1/lmr/m/n/9 (100.0)|  
 []


Overfull \hbox (0.87622pt too wide) in paragraph at lines 2808--2808
\T1/lmr/m/n/9 (87.1)|  
 []


Overfull \hbox (0.87622pt too wide) in paragraph at lines 2808--2808
\T1/lmr/m/n/9 (83.3)|  
 []


Overfull \hbox (5.50122pt too wide) in paragraph at lines 2808--2808
\T1/lmr/m/n/9 (100.0)|  
 []


Overfull \hbox (0.87622pt too wide) in paragraph at lines 2808--2809
\T1/lmr/m/n/9 (93.9)|  
 []


Overfull \hbox (29.71396pt too wide) in paragraph at lines 2809--2809
[]|\T1/lmr/m/n/9 YesComplete|  
 []


Overfull \hbox (0.87622pt too wide) in paragraph at lines 2809--2809
\T1/lmr/m/n/9 (16.7)|  
 []


Overfull \hbox (18.80756pt too wide) in paragraph at lines 2810--2810
[]|\T1/lmr/m/n/9 YesPartial|  
 []


Overfull \hbox (22.22374pt too wide) in paragraph at lines 2811--2811
[]|\T1/lmr/m/n/9 ScarCount, 
 []


Overfull \hbox (0.87622pt too wide) in paragraph at lines 2812--2812
\T1/lmr/m/n/9 (15.9)|  
 []


Overfull \hbox (0.87622pt too wide) in paragraph at lines 2812--2812
\T1/lmr/m/n/9 (50.0)|  
 []


Overfull \hbox (0.87622pt too wide) in paragraph at lines 2812--2813
\T1/lmr/m/n/9 (15.9)|  
 []


Overfull \hbox (0.87622pt too wide) in paragraph at lines 2814--2814
\T1/lmr/m/n/9 (59.1)|  
 []


Overfull \hbox (0.87622pt too wide) in paragraph at lines 2814--2814
\T1/lmr/m/n/9 (38.7)|  
 []


Overfull \hbox (0.87622pt too wide) in paragraph at lines 2814--2815
\T1/lmr/m/n/9 (46.3)|  
 []


Overfull \hbox (0.87622pt too wide) in paragraph at lines 2815--2815
\T1/lmr/m/n/9 (22.7)|  
 []


Overfull \hbox (0.87622pt too wide) in paragraph at lines 2815--2815
\T1/lmr/m/n/9 (35.5)|  
 []


Overfull \hbox (0.87622pt too wide) in paragraph at lines 2815--2815
\T1/lmr/m/n/9 (33.3)|  
 []


Overfull \hbox (5.50122pt too wide) in paragraph at lines 2815--2815
\T1/lmr/m/n/9 (100.0)|  
 []


Overfull \hbox (0.87622pt too wide) in paragraph at lines 2815--2816
\T1/lmr/m/n/9 (29.3)|  
 []


Overfull \hbox (0.87622pt too wide) in paragraph at lines 2816--2816
\T1/lmr/m/n/9 (12.9)|  
 []


Overfull \hbox (0.87622pt too wide) in paragraph at lines 2816--2816
\T1/lmr/m/n/9 (16.7)|  
 []


Overfull \hbox (7.32417pt too wide) in paragraph at lines 2818--2818
[]|\T1/lmr/m/n/9 Cortex, 
 []


Overfull \hbox (0.87622pt too wide) in paragraph at lines 2820--2820
\T1/lmr/m/n/9 (95.5)|  
 []


Overfull \hbox (0.87622pt too wide) in paragraph at lines 2820--2820
\T1/lmr/m/n/9 (74.2)|  
 []


Overfull \hbox (5.50122pt too wide) in paragraph at lines 2820--2820
\T1/lmr/m/n/9 (100.0)|  
 []


Overfull \hbox (5.50122pt too wide) in paragraph at lines 2820--2820
\T1/lmr/m/n/9 (100.0)|  
 []


Overfull \hbox (0.87622pt too wide) in paragraph at lines 2820--2821
\T1/lmr/m/n/9 (87.8)|  
 []


Overfull \hbox (0.87622pt too wide) in paragraph at lines 2822--2822
\T1/lmr/m/n/9 (19.4)|  
 []

[139] [140]
Overfull \hbox (31.32297pt too wide) in paragraph at lines 2844--2844
[]|\T1/lmr/m/n/9 CrossSection, 
 []


Overfull \hbox (12.50365pt too wide) in paragraph at lines 2845--2845
[]|\T1/lmr/m/n/9 Irregular|  
 []


Overfull \hbox (0.87622pt too wide) in paragraph at lines 2845--2845
\T1/lmr/m/n/9 (27.5)|  
 []


Overfull \hbox (0.87622pt too wide) in paragraph at lines 2845--2845
\T1/lmr/m/n/9 (25.0)|  
 []


Overfull \hbox (0.87622pt too wide) in paragraph at lines 2845--2845
\T1/lmr/m/n/9 (25.0)|  
 []


Overfull \hbox (0.87622pt too wide) in paragraph at lines 2845--2846
\T1/lmr/m/n/9 (16.1)|  
 []


Overfull \hbox (18.24373pt too wide) in paragraph at lines 2846--2846
[]|\T1/lmr/m/n/9 Lenticular|  
 []


Overfull \hbox (0.90068pt too wide) in paragraph at lines 2847--2847
[]|\T1/lmr/m/n/9 Other|  
 []


Overfull \hbox (33.2937pt too wide) in paragraph at lines 2848--2848
[]|\T1/lmr/m/n/9 Quadrangular|  
 []


Overfull \hbox (24.53978pt too wide) in paragraph at lines 2850--2850
[]|\T1/lmr/m/n/9 Trapezoidal|  
 []


Overfull \hbox (0.87622pt too wide) in paragraph at lines 2850--2850
\T1/lmr/m/n/9 (13.3)|  
 []


Overfull \hbox (0.87622pt too wide) in paragraph at lines 2850--2850
\T1/lmr/m/n/9 (50.0)|  
 []


Overfull \hbox (0.87622pt too wide) in paragraph at lines 2850--2851
\T1/lmr/m/n/9 (10.2)|  
 []


Overfull \hbox (19.67535pt too wide) in paragraph at lines 2851--2851
[]|\T1/lmr/m/n/9 Triangular|  
 []


Overfull \hbox (0.87622pt too wide) in paragraph at lines 2851--2851
\T1/lmr/m/n/9 (56.9)|  
 []


Overfull \hbox (0.87622pt too wide) in paragraph at lines 2851--2851
\T1/lmr/m/n/9 (72.0)|  
 []


Overfull \hbox (0.87622pt too wide) in paragraph at lines 2851--2851
\T1/lmr/m/n/9 (75.0)|  
 []


Overfull \hbox (5.50122pt too wide) in paragraph at lines 2851--2851
\T1/lmr/m/n/9 (100.0)|  
 []


Overfull \hbox (0.87622pt too wide) in paragraph at lines 2851--2851
\T1/lmr/m/n/9 (50.0)|  
 []


Overfull \hbox (0.87622pt too wide) in paragraph at lines 2851--2851
\T1/lmr/m/n/9 (75.0)|  
 []


Overfull \hbox (0.87622pt too wide) in paragraph at lines 2851--2852
\T1/lmr/m/n/9 (66.4)|  
 []


Overfull \hbox (27.98769pt too wide) in paragraph at lines 2852--2852
[]|\T1/lmr/m/n/9 BlankShape, 
 []


Overfull \hbox (23.00134pt too wide) in paragraph at lines 2853--2853
[]|\T1/lmr/m/n/9 Convergent|  
 []


Overfull \hbox (0.87622pt too wide) in paragraph at lines 2853--2853
\T1/lmr/m/n/9 (27.5)|  
 []


Overfull \hbox (0.87622pt too wide) in paragraph at lines 2853--2853
\T1/lmr/m/n/9 (37.3)|  
 []


Overfull \hbox (0.87622pt too wide) in paragraph at lines 2853--2853
\T1/lmr/m/n/9 (25.0)|  
 []


Overfull \hbox (5.50122pt too wide) in paragraph at lines 2853--2853
\T1/lmr/m/n/9 (100.0)|  
 []


Overfull \hbox (5.50122pt too wide) in paragraph at lines 2853--2853
\T1/lmr/m/n/9 (100.0)|  
 []


Overfull \hbox (0.87622pt too wide) in paragraph at lines 2853--2853
\T1/lmr/m/n/9 (25.0)|  
 []


Overfull \hbox (0.87622pt too wide) in paragraph at lines 2853--2854
\T1/lmr/m/n/9 (34.3)|  
 []


Overfull \hbox (3.06949pt too wide) in paragraph at lines 2854--2854
[]|\T1/lmr/m/n/9 Dejete|  
 []


Overfull \hbox (16.44829pt too wide) in paragraph at lines 2856--2856
[]|\T1/lmr/m/n/9 Divergent|  
 []


Overfull \hbox (12.50365pt too wide) in paragraph at lines 2857--2857
[]|\T1/lmr/m/n/9 Irregular|  
 []


Overfull \hbox (0.87622pt too wide) in paragraph at lines 2857--2857
\T1/lmr/m/n/9 (13.3)|  
 []


Overfull \hbox (0.87622pt too wide) in paragraph at lines 2857--2857
\T1/lmr/m/n/9 (75.0)|  
 []


Overfull \hbox (0.87622pt too wide) in paragraph at lines 2857--2858
\T1/lmr/m/n/9 (10.9)|  
 []


Overfull \hbox (7.96625pt too wide) in paragraph at lines 2858--2858
[]|\T1/lmr/m/n/9 Parallel|  
 []


Overfull \hbox (0.87622pt too wide) in paragraph at lines 2858--2858
\T1/lmr/m/n/9 (58.8)|  
 []


Overfull \hbox (0.87622pt too wide) in paragraph at lines 2858--2858
\T1/lmr/m/n/9 (41.3)|  
 []


Overfull \hbox (0.87622pt too wide) in paragraph at lines 2858--2858
\T1/lmr/m/n/9 (75.0)|  
 []


Overfull \hbox (0.87622pt too wide) in paragraph at lines 2858--2859
\T1/lmr/m/n/9 (46.7)|  
 []


Overfull \hbox (6.1677pt too wide) in paragraph at lines 2859--2859
[]|\T1/lmr/m/n/9 Profile, 
 []


Overfull \hbox (6.55374pt too wide) in paragraph at lines 2860--2860
[]|\T1/lmr/m/n/9 Curved|  
 []


Overfull \hbox (0.87622pt too wide) in paragraph at lines 2860--2860
\T1/lmr/m/n/9 (11.8)|  
 []


Overfull \hbox (0.87622pt too wide) in paragraph at lines 2860--2860
\T1/lmr/m/n/9 (34.7)|  
 []


Overfull \hbox (5.50122pt too wide) in paragraph at lines 2860--2860
\T1/lmr/m/n/9 (100.0)|  
 []


Overfull \hbox (0.87622pt too wide) in paragraph at lines 2860--2861
\T1/lmr/m/n/9 (24.1)|  
 []


Overfull \hbox (12.50365pt too wide) in paragraph at lines 2862--2862
[]|\T1/lmr/m/n/9 Irregular|  
 []


Overfull \hbox (0.87622pt too wide) in paragraph at lines 2862--2862
\T1/lmr/m/n/9 (50.0)|  
 []


Overfull \hbox (0.87622pt too wide) in paragraph at lines 2862--2862
\T1/lmr/m/n/9 (50.0)|  
 []


Overfull \hbox (9.89027pt too wide) in paragraph at lines 2863--2863
[]|\T1/lmr/m/n/9 Straight|  
 []


Overfull \hbox (0.87622pt too wide) in paragraph at lines 2863--2863
\T1/lmr/m/n/9 (76.5)|  
 []


Overfull \hbox (0.87622pt too wide) in paragraph at lines 2863--2863
\T1/lmr/m/n/9 (46.7)|  
 []


Overfull \hbox (5.50122pt too wide) in paragraph at lines 2863--2863
\T1/lmr/m/n/9 (100.0)|  
 []


Overfull \hbox (0.87622pt too wide) in paragraph at lines 2863--2863
\T1/lmr/m/n/9 (50.0)|  
 []


Overfull \hbox (0.87622pt too wide) in paragraph at lines 2863--2863
\T1/lmr/m/n/9 (50.0)|  
 []


Overfull \hbox (0.87622pt too wide) in paragraph at lines 2863--2864
\T1/lmr/m/n/9 (59.1)|  
 []


Overfull \hbox (8.8965pt too wide) in paragraph at lines 2864--2864
[]|\T1/lmr/m/n/9 Twisted|  
 []


Overfull \hbox (0.87622pt too wide) in paragraph at lines 2864--2864
\T1/lmr/m/n/9 (12.0)|  
 []


Overfull \hbox (17.96323pt too wide) in paragraph at lines 2865--2865
[]|\T1/lmr/m/n/9 BlankTip, 
 []


Overfull \hbox (7.71234pt too wide) in paragraph at lines 2866--2866
[]|\T1/lmr/m/n/9 Feather|  
 []


Overfull \hbox (0.87622pt too wide) in paragraph at lines 2866--2866
\T1/lmr/m/n/9 (21.6)|  
 []


Overfull \hbox (0.87622pt too wide) in paragraph at lines 2866--2866
\T1/lmr/m/n/9 (36.0)|  
 []


Overfull \hbox (0.87622pt too wide) in paragraph at lines 2866--2866
\T1/lmr/m/n/9 (25.0)|  
 []


Overfull \hbox (0.87622pt too wide) in paragraph at lines 2866--2866
\T1/lmr/m/n/9 (50.0)|  
 []


Overfull \hbox (0.87622pt too wide) in paragraph at lines 2866--2867
\T1/lmr/m/n/9 (29.9)|  
 []


Overfull \hbox (0.6217pt too wide) in paragraph at lines 2868--2868
[]|\T1/lmr/m/n/9 Hinge|  
 []


Overfull \hbox (0.87622pt too wide) in paragraph at lines 2868--2868
\T1/lmr/m/n/9 (47.1)|  
 []


Overfull \hbox (0.87622pt too wide) in paragraph at lines 2868--2868
\T1/lmr/m/n/9 (22.7)|  
 []


Overfull \hbox (0.87622pt too wide) in paragraph at lines 2868--2868
\T1/lmr/m/n/9 (25.0)|  
 []


Overfull \hbox (5.50122pt too wide) in paragraph at lines 2868--2868
\T1/lmr/m/n/9 (100.0)|  
 []


Overfull \hbox (0.87622pt too wide) in paragraph at lines 2868--2869
\T1/lmr/m/n/9 (31.4)|  
 []


Overfull \hbox (18.68134pt too wide) in paragraph at lines 2869--2869
[]|\T1/lmr/m/n/9 Overshoot|  
 []


Overfull \hbox (8.20233pt too wide) in paragraph at lines 2870--2870
[]|\T1/lmr/m/n/9 Pointed|  
 []


Overfull \hbox (0.87622pt too wide) in paragraph at lines 2870--2870
\T1/lmr/m/n/9 (27.5)|  
 []


Overfull \hbox (0.87622pt too wide) in paragraph at lines 2870--2870
\T1/lmr/m/n/9 (22.7)|  
 []


Overfull \hbox (5.50122pt too wide) in paragraph at lines 2870--2870
\T1/lmr/m/n/9 (100.0)|  
 []


Overfull \hbox (0.87622pt too wide) in paragraph at lines 2870--2870
\T1/lmr/m/n/9 (50.0)|  
 []


Overfull \hbox (0.87622pt too wide) in paragraph at lines 2870--2871
\T1/lmr/m/n/9 (25.5)|  
 []


Overfull \hbox (0.87622pt too wide) in paragraph at lines 2871--2871
\T1/lmr/m/n/9 (13.3)|  
 []


Overfull \hbox (0.87622pt too wide) in paragraph at lines 2871--2871
\T1/lmr/m/n/9 (50.0)|  
 []


Overfull \hbox (36.48648pt too wide) in paragraph at lines 2872--2872
[]|\T1/lmr/m/n/9 PlatformType, 
 []


Overfull \hbox (10.71634pt too wide) in paragraph at lines 2874--2874
[]|\T1/lmr/m/n/9 Crushed|  
 []


Overfull \hbox (0.87622pt too wide) in paragraph at lines 2874--2874
\T1/lmr/m/n/9 (47.1)|  
 []


Overfull \hbox (0.87622pt too wide) in paragraph at lines 2874--2874
\T1/lmr/m/n/9 (14.7)|  
 []


Overfull \hbox (0.87622pt too wide) in paragraph at lines 2874--2874
\T1/lmr/m/n/9 (50.0)|  
 []


Overfull \hbox (0.87622pt too wide) in paragraph at lines 2874--2875
\T1/lmr/m/n/9 (27.0)|  
 []


Overfull \hbox (12.0772pt too wide) in paragraph at lines 2875--2875
[]|\T1/lmr/m/n/9 Dihedral|  
 []


Overfull \hbox (8.20534pt too wide) in paragraph at lines 2876--2876
[]|\T1/lmr/m/n/9 Faceted|  
 []


Overfull \hbox (5.50122pt too wide) in paragraph at lines 2876--2876
\T1/lmr/m/n/9 (100.0)|  
 []


Overfull \hbox (3.08418pt too wide) in paragraph at lines 2877--2877
[]|\T1/lmr/m/n/9 Linear|  
 []


Overfull \hbox (0.87622pt too wide) in paragraph at lines 2878--2878
\T1/lmr/m/n/9 (47.1)|  
 []


Overfull \hbox (0.87622pt too wide) in paragraph at lines 2878--2878
\T1/lmr/m/n/9 (69.3)|  
 []


Overfull \hbox (0.87622pt too wide) in paragraph at lines 2878--2878
\T1/lmr/m/n/9 (75.0)|  
 []


Overfull \hbox (5.50122pt too wide) in paragraph at lines 2878--2878
\T1/lmr/m/n/9 (100.0)|  
 []


Overfull \hbox (0.87622pt too wide) in paragraph at lines 2878--2878
\T1/lmr/m/n/9 (50.0)|  
 []


Overfull \hbox (0.87622pt too wide) in paragraph at lines 2878--2879
\T1/lmr/m/n/9 (60.6)|  
 []


Overfull \hbox (8.32971pt too wide) in paragraph at lines 2880--2880
[]|\T1/lmr/m/n/9 Winged|  
 []


Overfull \hbox (0.87622pt too wide) in paragraph at lines 2880--2880
\T1/lmr/m/n/9 (25.0)|  
 []


Overfull \hbox (43.18745pt too wide) in paragraph at lines 2881--2881
[]|\T1/lmr/m/n/9 PlatformCortex, 
 []


Overfull \hbox (5.50122pt too wide) in paragraph at lines 2882--2882
\T1/lmr/m/n/9 (100.0)|  
 []


Overfull \hbox (0.87622pt too wide) in paragraph at lines 2882--2882
\T1/lmr/m/n/9 (86.7)|  
 []


Overfull \hbox (5.50122pt too wide) in paragraph at lines 2882--2882
\T1/lmr/m/n/9 (100.0)|  
 []


Overfull \hbox (5.50122pt too wide) in paragraph at lines 2882--2882
\T1/lmr/m/n/9 (100.0)|  
 []


Overfull \hbox (5.50122pt too wide) in paragraph at lines 2882--2882
\T1/lmr/m/n/9 (100.0)|  
 []


Overfull \hbox (5.50122pt too wide) in paragraph at lines 2882--2882
\T1/lmr/m/n/9 (100.0)|  
 []


Overfull \hbox (0.87622pt too wide) in paragraph at lines 2882--2883
\T1/lmr/m/n/9 (92.7)|  
 []


Overfull \hbox (29.71396pt too wide) in paragraph at lines 2883--2883
[]|\T1/lmr/m/n/9 YesComplete|  
 []


Overfull \hbox (0.87622pt too wide) in paragraph at lines 2883--2883
\T1/lmr/m/n/9 (13.3)|  
 []


Overfull \hbox (22.22374pt too wide) in paragraph at lines 2884--2884
[]|\T1/lmr/m/n/9 ScarCount, 
 []


Overfull \hbox (0.87622pt too wide) in paragraph at lines 2887--2887
\T1/lmr/m/n/9 (11.8)|  
 []


Overfull \hbox (0.87622pt too wide) in paragraph at lines 2887--2887
\T1/lmr/m/n/9 (25.0)|  
 []


Overfull \hbox (0.87622pt too wide) in paragraph at lines 2888--2888
\T1/lmr/m/n/9 (68.6)|  
 []


Overfull \hbox (0.87622pt too wide) in paragraph at lines 2888--2888
\T1/lmr/m/n/9 (45.3)|  
 []


Overfull \hbox (0.87622pt too wide) in paragraph at lines 2888--2888
\T1/lmr/m/n/9 (50.0)|  
 []


Overfull \hbox (0.87622pt too wide) in paragraph at lines 2888--2888
\T1/lmr/m/n/9 (50.0)|  
 []


Overfull \hbox (0.87622pt too wide) in paragraph at lines 2888--2889
\T1/lmr/m/n/9 (53.3)|  
 []


Overfull \hbox (0.87622pt too wide) in paragraph at lines 2889--2889
\T1/lmr/m/n/9 (15.7)|  
 []


Overfull \hbox (0.87622pt too wide) in paragraph at lines 2889--2889
\T1/lmr/m/n/9 (42.7)|  
 []


Overfull \hbox (5.50122pt too wide) in paragraph at lines 2889--2889
\T1/lmr/m/n/9 (100.0)|  
 []


Overfull \hbox (5.50122pt too wide) in paragraph at lines 2889--2889
\T1/lmr/m/n/9 (100.0)|  
 []


Overfull \hbox (0.87622pt too wide) in paragraph at lines 2889--2889
\T1/lmr/m/n/9 (50.0)|  
 []


Overfull \hbox (0.87622pt too wide) in paragraph at lines 2889--2890
\T1/lmr/m/n/9 (32.8)|  
 []


Overfull \hbox (0.87622pt too wide) in paragraph at lines 2893--2893
\T1/lmr/m/n/9 (25.0)|  
 []


Overfull \hbox (7.32417pt too wide) in paragraph at lines 2894--2894
[]|\T1/lmr/m/n/9 Cortex, 
 []


Overfull \hbox (0.87622pt too wide) in paragraph at lines 2895--2895
\T1/lmr/m/n/9 (94.1)|  
 []


Overfull \hbox (0.87622pt too wide) in paragraph at lines 2895--2895
\T1/lmr/m/n/9 (72.0)|  
 []


Overfull \hbox (0.87622pt too wide) in paragraph at lines 2895--2895
\T1/lmr/m/n/9 (75.0)|  
 []


Overfull \hbox (5.50122pt too wide) in paragraph at lines 2895--2895
\T1/lmr/m/n/9 (100.0)|  
 []


Overfull \hbox (5.50122pt too wide) in paragraph at lines 2895--2895
\T1/lmr/m/n/9 (100.0)|  
 []


Overfull \hbox (5.50122pt too wide) in paragraph at lines 2895--2895
\T1/lmr/m/n/9 (100.0)|  
 []


Overfull \hbox (0.87622pt too wide) in paragraph at lines 2895--2896
\T1/lmr/m/n/9 (81.8)|  
 []


Overfull \hbox (0.87622pt too wide) in paragraph at lines 2896--2896
\T1/lmr/m/n/9 (13.3)|  
 []


Overfull \hbox (0.87622pt too wide) in paragraph at lines 2899--2899
\T1/lmr/m/n/9 (25.0)|  
 []

[141] [142] [143] [144] [145] [146] [147] [148] [149] [150] [151] [152

]
Appendix C.
[153]
Underfull \vbox (badness 10000) has occurred while \output is active []

[154]
Underfull \vbox (badness 10000) has occurred while \output is active []

[155]
Package atveryend Info: Empty hook `BeforeClearDocument' on input line 3467.
[156]
Package atveryend Info: Empty hook `AfterLastShipout' on input line 3467.
(./thesis.aux)
Package atveryend Info: Executing hook `AtVeryEndDocument' on input line 3467.
Package atveryend Info: Executing hook `AtEndAfterFileList' on input line 3467.

Package rerunfilecheck Info: File `thesis.out' has not changed.
(rerunfilecheck)             Checksum: 6B02E055C2A9E02421258F655682F7D3;2392.

LaTeX Warning: There were undefined references.


LaTeX Warning: There were multiply-defined labels.

Package atveryend Info: Empty hook `AtVeryVeryEnd' on input line 3467.
 ) 
Here is how much of TeX's memory you used:
 11439 strings out of 483172
 181347 string characters out of 5963877
 504153 words of memory out of 5000000
 25632 multiletter control sequences out of 15000+600000
 597159 words of font info for 74 fonts, out of 8000000 for 9000
 14 hyphenation exceptions out of 8191
 41i,12n,49p,1535b,533s stack positions out of 5000i,500n,10000p,200000b,80000s
{c:/Users/Valentine/AppData/Roaming/TinyTeX/texmf-dist/fonts/enc/dvips/lm/lm-
ts1.enc}{c:/Users/Valentine/AppData/Roaming/TinyTeX/texmf-dist/fonts/enc/dvips/
lm/lm-ec.enc}{c:/Users/Valentine/AppData/Roaming/TinyTeX/texmf-dist/fonts/enc/d
vips/lm/lm-rm.enc}{c:/Users/Valentine/AppData/Roaming/TinyTeX/texmf-dist/fonts/
enc/dvips/lm/lm-mathit.enc}<c:/Users/Valentine/AppData/Roaming/TinyTeX/texmf-di
st/fonts/type1/public/lm/lmbx12.pfb><c:/Users/Valentine/AppData/Roaming/TinyTeX
/texmf-dist/fonts/type1/public/lm/lmbx9.pfb><c:/Users/Valentine/AppData/Roaming
/TinyTeX/texmf-dist/fonts/type1/public/lm/lmmi12.pfb><c:/Users/Valentine/AppDat
a/Roaming/TinyTeX/texmf-dist/fonts/type1/public/lm/lmr10.pfb><c:/Users/Valentin
e/AppData/Roaming/TinyTeX/texmf-dist/fonts/type1/public/lm/lmr12.pfb><c:/Users/
Valentine/AppData/Roaming/TinyTeX/texmf-dist/fonts/type1/public/lm/lmr8.pfb><c:
/Users/Valentine/AppData/Roaming/TinyTeX/texmf-dist/fonts/type1/public/lm/lmr9.
pfb><c:/Users/Valentine/AppData/Roaming/TinyTeX/texmf-dist/fonts/type1/public/l
m/lmri10.pfb><c:/Users/Valentine/AppData/Roaming/TinyTeX/texmf-dist/fonts/type1
/public/lm/lmri12.pfb><c:/Users/Valentine/AppData/Roaming/TinyTeX/texmf-dist/fo
nts/type1/public/lm/lmtt12.pfb>
Output written on thesis.pdf (174 pages, 56921326 bytes).
PDF statistics:
 1831 PDF objects out of 2073 (max. 8388607)
 1561 compressed objects within 16 object streams
 476 named destinations out of 1000 (max. 500000)
 501 words of extra memory for PDF output out of 10000 (max. 10000000)

